LINUXIFY HANG/WATCHDOG REPORT
=============================
Thread Handle: 0x00000000000001e4

CPU REGISTERS:
RAX: 0x0000000000000004  R8 : 0x0000000000000000
RBX: 0x0000000000000190  R9 : 0x0000000000000023
RCX: 0x0000000000000190  R10: 0x0000000000000190
RDX: 0x0000000000000000  R11: 0x0000000000000190
RSI: 0x00000000ffffffff  R12: 0x0000000000000000
RDI: 0x0000000000000000  R13: 0x0000000000000000
RBP: 0x0000003c3fbfc3f0  R14: 0x0000000000000000
RSP: 0x0000003c3fbfc2c8  R15: 0x0000000000000000
RIP: 0x00007ffa25281c44  EFL: 0x00000246

DISASSEMBLY (at 0x00007ffa25281c44):
0x00007ffa25281c44: RET   
0x00007ffa25281c45: DB    0xcd
0x00007ffa25281c46: DB    0x2e
0x00007ffa25281c47: RET   
0x00007ffa25281c48: DB    0x0f
0x00007ffa25281c49: DB    0x1f
Program Counter: 0x00007ffa25281c44 NtWaitForSingleObject + 0x0014

RAW STACK TRACE (Manual Walk):
#00 0x00007ffa25281c44 NtWaitForSingleObject + 0x0014 (Current)
#10 0x00007ffa226276af WaitForSingleObjectEx + 0x00af (Stack: 0x0000003c3fbfc2d0)
#20 0x00007ff6105cc834 C:\Users\patri\OneDrive\Documents\Projects\Linuxify\linuxify.exe (No Exports) (Stack: 0x0000003c3fbfc370)
#30 0x00007ff6105cd5b3 C:\Users\patri\OneDrive\Documents\Projects\Linuxify\linuxify.exe (No Exports) (Stack: 0x0000003c3fbfe6c0)
#40 0x00007ff6105cd6a2 C:\Users\patri\OneDrive\Documents\Projects\Linuxify\linuxify.exe (No Exports) (Stack: 0x0000003c3fbfed50)
#50 0x00007ff6105cca74 C:\Users\patri\OneDrive\Documents\Projects\Linuxify\linuxify.exe (No Exports) (Stack: 0x0000003c3fbff3e0)
#60 0x00007ff6105c28a6 C:\Users\patri\OneDrive\Documents\Projects\Linuxify\linuxify.exe (No Exports) (Stack: 0x0000003c3fbff460)
#70 0x00007ff6105d25d7 C:\Users\patri\OneDrive\Documents\Projects\Linuxify\linuxify.exe (No Exports) (Stack: 0x0000003c3fbff5e0)
#80 0x00007ff610581b50 C:\Users\patri\OneDrive\Documents\Projects\Linuxify\linuxify.exe (No Exports) (Stack: 0x0000003c3fbff610)
#90 0x00007ff610581366 C:\Users\patri\OneDrive\Documents\Projects\Linuxify\linuxify.exe (No Exports) (Stack: 0x0000003c3fbffa30)
#10 0x00007ff610581067 C:\Users\patri\OneDrive\Documents\Projects\Linuxify\linuxify.exe (No Exports) (Stack: 0x0000003c3fbffad0)
#11 0x00007ffa23b8e8d7 BaseThreadInitThunk + 0x0017 (Stack: 0x0000003c3fbffb10)
#12 0x00007ffa251ac53c RtlUserThreadStart + 0x002c (Stack: 0x0000003c3fbffb40)

LOADED MODULES (LDR Walk):
Base Address00000000Size00000000Name
------------------------------------------------------------
0x00007ff610580000 0x00279000   C:\Users\patri\OneDrive\Documents\Projects\Linuxify\linuxify.exe
0x00007ffa25120000 0x00267000   C:\WINDOWS\SYSTEM32\ntdll.dll
0x00007ffa23b60000 0x000c9000   C:\WINDOWS\System32\KERNEL32.DLL
0x00007ffa225f0000 0x003ef000   C:\WINDOWS\System32\KERNELBASE.dll
0x00007ffa24760000 0x000b4000   C:\WINDOWS\System32\ADVAPI32.dll
0x00007ffa22ec0000 0x000a9000   C:\WINDOWS\System32\msvcrt.dll
0x00007ffa230d0000 0x000a6000   C:\WINDOWS\System32\sechost.dll
0x00007ffa23c30000 0x00118000   C:\WINDOWS\System32\RPCRT4.dll
0x00007ffa22320000 0x0014b000   C:\WINDOWS\System32\ucrtbase.dll
0x00007ffa23f00000 0x00753000   C:\WINDOWS\System32\SHELL32.dll
0x00007ffa22c50000 0x000a3000   C:\WINDOWS\System32\msvcp_win.dll
0x00007ffa24db0000 0x001c5000   C:\WINDOWS\System32\USER32.dll
0x00007ffa22ab0000 0x00027000   C:\WINDOWS\System32\win32u.dll
0x00007ffa23b30000 0x0002b000   C:\WINDOWS\System32\GDI32.dll
0x00007ffa22d00000 0x0012c000   C:\WINDOWS\System32\gdi32full.dll
0x00007ffa22ae0000 0x0016a000   C:\WINDOWS\System32\wintypes.dll
0x00007ffa24a20000 0x00385000   C:\WINDOWS\System32\combase.dll
0x00007ffa23050000 0x00074000   C:\WINDOWS\System32\WS2_32.dll
0x00007ffa20ac0000 0x00034000   C:\WINDOWS\SYSTEM32\IPHLPAPI.DLL
0x00007ffa05f20000 0x00288000   C:\WINDOWS\SYSTEM32\WININET.dll
0x00007ffa175d0000 0x0008d000   C:\WINDOWS\SYSTEM32\wlanapi.dll
0x00007ffa22f70000 0x00031000   C:\WINDOWS\System32\IMM32.DLL
0x00007ffa17750000 0x00022000   C:\WINDOWS\SYSTEM32\MobileNetworking.dll
0x00007ffa21020000 0x0001b000   C:\WINDOWS\SYSTEM32\kernel.appcore.dll

MEMORY DUMP (0x00007ffa25281c44 +/- 64 bytes):
0x00007ffa25281c04: c3 cd 2e c3 f0 1f 84 00 00 00 00 00 4c 8b d1 b8   ............L...
0x00007ffa25281c14: 30 00 00 00 f6 40 25 80 30 fe 7f 10 75 30 f0 50   ......%.....u...
0x00007ffa25281c24: c3 cd 2e c3 f0 1f 84 00 00 00 00 00 4c 8b d1 b8   ............L...
0x00007ffa25281c34: 40 00 00 00 f6 40 25 80 30 fe 7f 10 75 30 f0 50   ......%.....u...
0x00007ffa25281c44: c3 cd 2e c3 f0 1f 84 00 00 00 00 00 4c 8b d1 b8   ............L...
0x00007ffa25281c54: 50 00 00 00 f6 40 25 80 30 fe 7f 10 75 30 f0 50   ......%.....u...
0x00007ffa25281c64: c3 cd 2e c3 f0 1f 84 00 00 00 00 00 4c 8b d1 b8   ............L...
0x00007ffa25281c74: 60 00 00 00 f6 40 25 80 30 fe 7f 10 75 30 f0 50   ......%.....u...

THREAD LIST:
THREAD ID: 4b90
State: Suspended
RIP:   0x00007ffa25281c44 NtWaitForSingleObject + 0x0014

CPU REGISTERS:
RAX: 0x0000000000000004  R8 : 0x0000000000000000
RBX: 0x0000000000000190  R9 : 0x0000000000000023
RCX: 0x0000000000000190  R10: 0x0000000000000190
RDX: 0x0000000000000000  R11: 0x0000000000000190
RSI: 0x00000000ffffffff  R12: 0x0000000000000000
RDI: 0x0000000000000000  R13: 0x0000000000000000
RBP: 0x0000003c3fbfc3f0  R14: 0x0000000000000000
RSP: 0x0000003c3fbfc2c8  R15: 0x0000000000000000
RIP: 0x00007ffa25281c44  EFL: 0x00000246

RAW STACK TRACE (Manual Walk):
#00 0x00007ffa25281c44 NtWaitForSingleObject + 0x0014 (Current)
#10 0x00007ffa226276af WaitForSingleObjectEx + 0x00af (Stack: 0x0000003c3fbfc2d0)
#20 0x00007ff6105cc834 C:\Users\patri\OneDrive\Documents\Projects\Linuxify\linuxify.exe (No Exports) (Stack: 0x0000003c3fbfc370)
#30 0x00007ff6105cd5b3 C:\Users\patri\OneDrive\Documents\Projects\Linuxify\linuxify.exe (No Exports) (Stack: 0x0000003c3fbfe6c0)
#40 0x00007ff6105cd6a2 C:\Users\patri\OneDrive\Documents\Projects\Linuxify\linuxify.exe (No Exports) (Stack: 0x0000003c3fbfed50)
#50 0x00007ff6105cca74 C:\Users\patri\OneDrive\Documents\Projects\Linuxify\linuxify.exe (No Exports) (Stack: 0x0000003c3fbff3e0)
#60 0x00007ff6105c28a6 C:\Users\patri\OneDrive\Documents\Projects\Linuxify\linuxify.exe (No Exports) (Stack: 0x0000003c3fbff460)
#70 0x00007ff6105d25d7 C:\Users\patri\OneDrive\Documents\Projects\Linuxify\linuxify.exe (No Exports) (Stack: 0x0000003c3fbff5e0)
#80 0x00007ff610581b50 C:\Users\patri\OneDrive\Documents\Projects\Linuxify\linuxify.exe (No Exports) (Stack: 0x0000003c3fbff610)
#90 0x00007ff610581366 C:\Users\patri\OneDrive\Documents\Projects\Linuxify\linuxify.exe (No Exports) (Stack: 0x0000003c3fbffa30)
#a0 0x00007ff610581067 C:\Users\patri\OneDrive\Documents\Projects\Linuxify\linuxify.exe (No Exports) (Stack: 0x0000003c3fbffad0)
#b0 0x00007ffa23b8e8d7 BaseThreadInitThunk + 0x0017 (Stack: 0x0000003c3fbffb10)
#c0 0x00007ffa251ac53c RtlUserThreadStart + 0x002c (Stack: 0x0000003c3fbffb40)
THREAD ID: 6550
State: Suspended
RIP:   0x00007ffa25285874 NtWaitForWorkViaWorkerFactory + 0x0014

CPU REGISTERS:
RAX: 0x00000000000001e6  R8 : 0x0000000000000010
RBX: 0x00000187d5fcd7d0  R9 : 0x0000003c3fdff9f8
RCX: 0x0000000000000090  R10: 0x0000000000000090
RDX: 0x00000187d5fcd450  R11: 0x0000000000000090
RSI: 0x00007ffa25194ea0  R12: 0x00007ffa251f8280
RDI: 0x00000187d5fca120  R13: 0x0000000000000000
RBP: 0x0000000000000000  R14: 0x000000000000ffff
RSP: 0x0000003c3fdff998  R15: 0x00007ffa25192c10
RIP: 0x00007ffa25285874  EFL: 0x00000246

RAW STACK TRACE (Manual Walk):
#00 0x00007ffa25285874 NtWaitForWorkViaWorkerFactory + 0x0014 (Current)
#10 0x00007ffa25195f3e RtlSetThreadSubProcessTag + 0x1aee (Stack: 0x0000003c3fdff9a0)
#20 0x00007ffa23b8e8d7 BaseThreadInitThunk + 0x0017 (Stack: 0x0000003c3fdffd00)
#30 0x00007ffa251ac53c RtlUserThreadStart + 0x002c (Stack: 0x0000003c3fdffd30)
THREAD ID: 5888
State: Suspended
RIP:   0x00007ffa25285874 NtWaitForWorkViaWorkerFactory + 0x0014

CPU REGISTERS:
RAX: 0x00000000000001e6  R8 : 0x0000000000000010
RBX: 0x00000187d5fd0af0  R9 : 0x0000003c3ffff5b8
RCX: 0x0000000000000090  R10: 0x0000000000000090
RDX: 0x00000187d5fd0770  R11: 0x0000000000000090
RSI: 0x00007ffa25194ea0  R12: 0x00007ffa251f8280
RDI: 0x00000187d5fca120  R13: 0x0000000000000000
RBP: 0x0000000000000000  R14: 0x000000000000ffff
RSP: 0x0000003c3ffff558  R15: 0x00007ffa25192c10
RIP: 0x00007ffa25285874  EFL: 0x00000246

RAW STACK TRACE (Manual Walk):
#00 0x00007ffa25285874 NtWaitForWorkViaWorkerFactory + 0x0014 (Current)
#10 0x00007ffa25195f3e RtlSetThreadSubProcessTag + 0x1aee (Stack: 0x0000003c3ffff560)
#20 0x00007ffa23b8e8d7 BaseThreadInitThunk + 0x0017 (Stack: 0x0000003c3ffff8c0)
#30 0x00007ffa251ac53c RtlUserThreadStart + 0x002c (Stack: 0x0000003c3ffff8f0)
THREAD ID: 1f78
State: Suspended
RIP:   0x00007ffa25285874 NtWaitForWorkViaWorkerFactory + 0x0014

CPU REGISTERS:
RAX: 0x00000000000001e6  R8 : 0x0000000000000010
RBX: 0x00000187d5fd4d90  R9 : 0x0000003c401ff6d8
RCX: 0x0000000000000090  R10: 0x0000000000000090
RDX: 0x00000187d5fd4a10  R11: 0x0000000000000090
RSI: 0x00007ffa25194ea0  R12: 0x00007ffa251f8280
RDI: 0x00000187d5fca120  R13: 0x0000000000000000
RBP: 0x0000000000000000  R14: 0x000000000000ffff
RSP: 0x0000003c401ff678  R15: 0x00007ffa25192c10
RIP: 0x00007ffa25285874  EFL: 0x00000246

RAW STACK TRACE (Manual Walk):
#00 0x00007ffa25285874 NtWaitForWorkViaWorkerFactory + 0x0014 (Current)
#10 0x00007ffa25195f3e RtlSetThreadSubProcessTag + 0x1aee (Stack: 0x0000003c401ff680)
#20 0x00007ffa23b8e8d7 BaseThreadInitThunk + 0x0017 (Stack: 0x0000003c401ff9e0)
#30 0x00007ffa251ac53c RtlUserThreadStart + 0x002c (Stack: 0x0000003c401ffa10)
THREAD ID: 3ba0
State: Suspended
RIP:   0x00007ffa252822e4 NtFsControlFile + 0x0014

CPU REGISTERS:
RAX: 0x0000000000000039  R8 : 0x0000000000000000
RBX: 0x0000000000000000  R9 : 0x0000000000000000
RCX: 0x0000000000000194  R10: 0x0000000000000194
RDX: 0x0000000000000000  R11: 0x0000000000000194
RSI: 0x0000000000000000  R12: 0x0000000000000000
RDI: 0x0000000000000194  R13: 0x0000000000000000
RBP: 0x0000003c405ffb00  R14: 0x0000000000000000
RSP: 0x0000003c405ffa38  R15: 0x0000000000000000
RIP: 0x00007ffa252822e4  EFL: 0x00000246

RAW STACK TRACE (Manual Walk):
#00 0x00007ffa252822e4 NtFsControlFile + 0x0014 (Current)
#10 0x00007ffa226e368a ConnectNamedPipe + 0x006a (Stack: 0x0000003c405ffa40)
#20 0x00007ff61060e61b C:\Users\patri\OneDrive\Documents\Projects\Linuxify\linuxify.exe (No Exports) (Stack: 0x0000003c405ffab0)
#30 0x00007ff610738c6d C:\Users\patri\OneDrive\Documents\Projects\Linuxify\linuxify.exe (No Exports) (Stack: 0x0000003c405ffb20)
#40 0x00007ff610749f93 C:\Users\patri\OneDrive\Documents\Projects\Linuxify\linuxify.exe (No Exports) (Stack: 0x0000003c405ffb60)
#50 0x00007ff6106e7e58 C:\Users\patri\OneDrive\Documents\Projects\Linuxify\linuxify.exe (No Exports) (Stack: 0x0000003c405ffba0)
#60 0x00007ff6106e7eb8 C:\Users\patri\OneDrive\Documents\Projects\Linuxify\linuxify.exe (No Exports) (Stack: 0x0000003c405ffbe0)
#70 0x00007ff6106e793c C:\Users\patri\OneDrive\Documents\Projects\Linuxify\linuxify.exe (No Exports) (Stack: 0x0000003c405ffc10)
#80 0x00007ff61076077f C:\Users\patri\OneDrive\Documents\Projects\Linuxify\linuxify.exe (No Exports) (Stack: 0x0000003c405ffc40)
#90 0x00007ff6105a704a C:\Users\patri\OneDrive\Documents\Projects\Linuxify\linuxify.exe (No Exports) (Stack: 0x0000003c405ffc80)
#a0 0x00007ffa223237b0 wcsrchr + 0x0150 (Stack: 0x0000003c405ffcd0)
#b0 0x00007ffa23b8e8d7 BaseThreadInitThunk + 0x0017 (Stack: 0x0000003c405ffd00)
#c0 0x00007ffa251ac53c RtlUserThreadStart + 0x002c (Stack: 0x0000003c405ffd30)
