LINUXIFY HANG/WATCHDOG REPORT
=============================
Thread Handle: 0x00000000000001dc

CPU REGISTERS:
RAX: 0x0000000000000004  R8 : 0x0000000000000000
RBX: 0x00000000000001f8  R9 : 0x000000000000001b
RCX: 0x00000000000001f8  R10: 0x00000000000001f8
RDX: 0x0000000000000000  R11: 0x00000000000001f8
RSI: 0x00000000ffffffff  R12: 0x0000000000000000
RDI: 0x0000000000000000  R13: 0x0000000000000000
RBP: 0x00000084233fc6a0  R14: 0x0000000000000000
RSP: 0x00000084233fc578  R15: 0x0000000000000000
RIP: 0x00007ffa25281c44  EFL: 0x00000246

DISASSEMBLY (at 0x00007ffa25281c44):
0x00007ffa25281c44: RET   
0x00007ffa25281c45: DB    0xcd
0x00007ffa25281c46: DB    0x2e
0x00007ffa25281c47: RET   
0x00007ffa25281c48: DB    0x0f
0x00007ffa25281c49: DB    0x1f
Program Counter: 0x00007ffa25281c44 NtWaitForSingleObject + 0x0014

RAW STACK TRACE (Manual Walk):
#00 0x00007ffa25281c44 NtWaitForSingleObject + 0x0014 (Current)
#10 0x00007ffa226276af WaitForSingleObjectEx + 0x00af (Stack: 0x00000084233fc580)
#20 0x00007ff62dee8c04 C:\Users\patri\OneDrive\Documents\Projects\Linuxify\linuxify.exe (No Exports) (Stack: 0x00000084233fc620)
#30 0x00007ff62dee9983 C:\Users\patri\OneDrive\Documents\Projects\Linuxify\linuxify.exe (No Exports) (Stack: 0x00000084233fe970)
#40 0x00007ff62dee9a72 C:\Users\patri\OneDrive\Documents\Projects\Linuxify\linuxify.exe (No Exports) (Stack: 0x00000084233ff000)
#50 0x00007ff62dee8e44 C:\Users\patri\OneDrive\Documents\Projects\Linuxify\linuxify.exe (No Exports) (Stack: 0x00000084233ff690)
#60 0x00007ff62dedec76 C:\Users\patri\OneDrive\Documents\Projects\Linuxify\linuxify.exe (No Exports) (Stack: 0x00000084233ff710)
#70 0x00007ff62deedb87 C:\Users\patri\OneDrive\Documents\Projects\Linuxify\linuxify.exe (No Exports) (Stack: 0x00000084233ff890)
#80 0x00007ff62dea1a0a C:\Users\patri\OneDrive\Documents\Projects\Linuxify\linuxify.exe (No Exports) (Stack: 0x00000084233ff8c0)
#90 0x00007ff62dea1366 C:\Users\patri\OneDrive\Documents\Projects\Linuxify\linuxify.exe (No Exports) (Stack: 0x00000084233ffc80)
#10 0x00007ff62dea1067 C:\Users\patri\OneDrive\Documents\Projects\Linuxify\linuxify.exe (No Exports) (Stack: 0x00000084233ffd20)
#11 0x00007ffa23b8e8d7 BaseThreadInitThunk + 0x0017 (Stack: 0x00000084233ffd60)
#12 0x00007ffa251ac53c RtlUserThreadStart + 0x002c (Stack: 0x00000084233ffd90)

LOADED MODULES (LDR Walk):
Base Address00000000Size00000000Name
------------------------------------------------------------
0x00007ff62dea0000 0x00275000   C:\Users\patri\OneDrive\Documents\Projects\Linuxify\linuxify.exe
0x00007ffa25120000 0x00267000   C:\WINDOWS\SYSTEM32\ntdll.dll
0x00007ffa23b60000 0x000c9000   C:\WINDOWS\System32\KERNEL32.DLL
0x00007ffa225f0000 0x003ef000   C:\WINDOWS\System32\KERNELBASE.dll
0x00007ffa24760000 0x000b4000   C:\WINDOWS\System32\ADVAPI32.dll
0x00007ffa22ec0000 0x000a9000   C:\WINDOWS\System32\msvcrt.dll
0x00007ffa230d0000 0x000a6000   C:\WINDOWS\System32\sechost.dll
0x00007ffa23c30000 0x00118000   C:\WINDOWS\System32\RPCRT4.dll
0x00007ffa22320000 0x0014b000   C:\WINDOWS\System32\ucrtbase.dll
0x00007ffa23f00000 0x00753000   C:\WINDOWS\System32\SHELL32.dll
0x00007ffa20ac0000 0x00034000   C:\WINDOWS\SYSTEM32\IPHLPAPI.DLL
0x00007ffa22c50000 0x000a3000   C:\WINDOWS\System32\msvcp_win.dll
0x00007ffa24db0000 0x001c5000   C:\WINDOWS\System32\USER32.dll
0x00007ffa22ab0000 0x00027000   C:\WINDOWS\System32\win32u.dll
0x00007ffa23b30000 0x0002b000   C:\WINDOWS\System32\GDI32.dll
0x00007ffa22d00000 0x0012c000   C:\WINDOWS\System32\gdi32full.dll
0x00007ffa22ae0000 0x0016a000   C:\WINDOWS\System32\wintypes.dll
0x00007ffa24a20000 0x00385000   C:\WINDOWS\System32\combase.dll
0x00007ffa23050000 0x00074000   C:\WINDOWS\System32\WS2_32.dll
0x00007ffa175d0000 0x0008d000   C:\WINDOWS\SYSTEM32\wlanapi.dll
0x00007ffa05f20000 0x00288000   C:\WINDOWS\SYSTEM32\WININET.dll
0x00007ffa22f70000 0x00031000   C:\WINDOWS\System32\IMM32.DLL
0x00007ffa17750000 0x00022000   C:\WINDOWS\SYSTEM32\MobileNetworking.dll
0x00007ffa21020000 0x0001b000   C:\WINDOWS\SYSTEM32\kernel.appcore.dll

MEMORY DUMP (0x00007ffa25281c44 +/- 64 bytes):
0x00007ffa25281c04: c3 cd 2e c3 f0 1f 84 00 00 00 00 00 4c 8b d1 b8   ............L...
0x00007ffa25281c14: 30 00 00 00 f6 40 25 80 30 fe 7f 10 75 30 f0 50   ......%.....u...
0x00007ffa25281c24: c3 cd 2e c3 f0 1f 84 00 00 00 00 00 4c 8b d1 b8   ............L...
0x00007ffa25281c34: 40 00 00 00 f6 40 25 80 30 fe 7f 10 75 30 f0 50   ......%.....u...
0x00007ffa25281c44: c3 cd 2e c3 f0 1f 84 00 00 00 00 00 4c 8b d1 b8   ............L...
0x00007ffa25281c54: 50 00 00 00 f6 40 25 80 30 fe 7f 10 75 30 f0 50   ......%.....u...
0x00007ffa25281c64: c3 cd 2e c3 f0 1f 84 00 00 00 00 00 4c 8b d1 b8   ............L...
0x00007ffa25281c74: 60 00 00 00 f6 40 25 80 30 fe 7f 10 75 30 f0 50   ......%.....u...

======================================================
FULL THREAD LIST DUMP (Process Snapshot)
======================================================

------------------------------------------------------
THREAD ID: 79e4
State: Suspended ( captured )
RIP:   0x00007ffa25281c44 NtWaitForSingleObject + 0x0014

CPU REGISTERS:
RAX: 0x0000000000000004  R8 : 0x0000000000000000
RBX: 0x00000000000001f8  R9 : 0x000000000000001b
RCX: 0x00000000000001f8  R10: 0x00000000000001f8
RDX: 0x0000000000000000  R11: 0x00000000000001f8
RSI: 0x00000000ffffffff  R12: 0x0000000000000000
RDI: 0x0000000000000000  R13: 0x0000000000000000
RBP: 0x00000084233fc6a0  R14: 0x0000000000000000
RSP: 0x00000084233fc578  R15: 0x0000000000000000
RIP: 0x00007ffa25281c44  EFL: 0x00000246

RAW STACK TRACE (Manual Walk):
#00 0x00007ffa25281c44 NtWaitForSingleObject + 0x0014 (Current)
#10 0x00007ffa226276af WaitForSingleObjectEx + 0x00af (Stack: 0x00000084233fc580)
#20 0x00007ff62dee8c04 C:\Users\patri\OneDrive\Documents\Projects\Linuxify\linuxify.exe (No Exports) (Stack: 0x00000084233fc620)
#30 0x00007ff62dee9983 C:\Users\patri\OneDrive\Documents\Projects\Linuxify\linuxify.exe (No Exports) (Stack: 0x00000084233fe970)
#40 0x00007ff62dee9a72 C:\Users\patri\OneDrive\Documents\Projects\Linuxify\linuxify.exe (No Exports) (Stack: 0x00000084233ff000)
#50 0x00007ff62dee8e44 C:\Users\patri\OneDrive\Documents\Projects\Linuxify\linuxify.exe (No Exports) (Stack: 0x00000084233ff690)
#60 0x00007ff62dedec76 C:\Users\patri\OneDrive\Documents\Projects\Linuxify\linuxify.exe (No Exports) (Stack: 0x00000084233ff710)
#70 0x00007ff62deedb87 C:\Users\patri\OneDrive\Documents\Projects\Linuxify\linuxify.exe (No Exports) (Stack: 0x00000084233ff890)
#80 0x00007ff62dea1a0a C:\Users\patri\OneDrive\Documents\Projects\Linuxify\linuxify.exe (No Exports) (Stack: 0x00000084233ff8c0)
#90 0x00007ff62dea1366 C:\Users\patri\OneDrive\Documents\Projects\Linuxify\linuxify.exe (No Exports) (Stack: 0x00000084233ffc80)
#a0 0x00007ff62dea1067 C:\Users\patri\OneDrive\Documents\Projects\Linuxify\linuxify.exe (No Exports) (Stack: 0x00000084233ffd20)
#b0 0x00007ffa23b8e8d7 BaseThreadInitThunk + 0x0017 (Stack: 0x00000084233ffd60)
#c0 0x00007ffa251ac53c RtlUserThreadStart + 0x002c (Stack: 0x00000084233ffd90)

------------------------------------------------------
THREAD ID: 7920
State: Suspended ( captured )
RIP:   0x00007ffa25285874 NtWaitForWorkViaWorkerFactory + 0x0014

CPU REGISTERS:
RAX: 0x00000000000001e6  R8 : 0x0000000000000010
RBX: 0x0000025bd8b6d740  R9 : 0x00000084235ff7d8
RCX: 0x0000000000000090  R10: 0x0000000000000090
RDX: 0x0000025bd8b6d3c0  R11: 0x0000000000000090
RSI: 0x00007ffa25194ea0  R12: 0x00007ffa251f8280
RDI: 0x0000025bd8b6a120  R13: 0x0000000000000000
RBP: 0x0000000000000000  R14: 0x000000000000ffff
RSP: 0x00000084235ff778  R15: 0x00007ffa25192c10
RIP: 0x00007ffa25285874  EFL: 0x00000246

RAW STACK TRACE (Manual Walk):
#00 0x00007ffa25285874 NtWaitForWorkViaWorkerFactory + 0x0014 (Current)
#10 0x00007ffa25195f3e RtlSetThreadSubProcessTag + 0x1aee (Stack: 0x00000084235ff780)
#20 0x00007ffa23b8e8d7 BaseThreadInitThunk + 0x0017 (Stack: 0x00000084235ffae0)
#30 0x00007ffa251ac53c RtlUserThreadStart + 0x002c (Stack: 0x00000084235ffb10)

------------------------------------------------------
THREAD ID: 79b0
State: Suspended ( captured )
RIP:   0x00007ffa25285874 NtWaitForWorkViaWorkerFactory + 0x0014

CPU REGISTERS:
RAX: 0x00000000000001e6  R8 : 0x0000000000000010
RBX: 0x0000025bd8b6fe60  R9 : 0x00000084237ffa78
RCX: 0x0000000000000090  R10: 0x0000000000000090
RDX: 0x0000025bd8b6fae0  R11: 0x0000000000000090
RSI: 0x00007ffa25194ea0  R12: 0x00007ffa251f8280
RDI: 0x0000025bd8b6a120  R13: 0x0000000000000000
RBP: 0x0000000000000000  R14: 0x000000000000ffff
RSP: 0x00000084237ffa18  R15: 0x00007ffa25192c10
RIP: 0x00007ffa25285874  EFL: 0x00000246

RAW STACK TRACE (Manual Walk):
#00 0x00007ffa25285874 NtWaitForWorkViaWorkerFactory + 0x0014 (Current)
#10 0x00007ffa25195f3e RtlSetThreadSubProcessTag + 0x1aee (Stack: 0x00000084237ffa20)
#20 0x00007ffa23b8e8d7 BaseThreadInitThunk + 0x0017 (Stack: 0x00000084237ffd80)
#30 0x00007ffa251ac53c RtlUserThreadStart + 0x002c (Stack: 0x00000084237ffdb0)

------------------------------------------------------
THREAD ID: 65ec
State: Suspended ( captured )
RIP:   0x00007ffa25285874 NtWaitForWorkViaWorkerFactory + 0x0014

CPU REGISTERS:
RAX: 0x00000000000001e6  R8 : 0x0000000000000010
RBX: 0x0000025bd8b70200  R9 : 0x00000084239ffbe8
RCX: 0x0000000000000090  R10: 0x0000000000000090
RDX: 0x0000025bd8b6fe80  R11: 0x0000000000000090
RSI: 0x00007ffa25194ea0  R12: 0x00007ffa251f8280
RDI: 0x0000025bd8b6a120  R13: 0x0000000000000000
RBP: 0x0000000000000000  R14: 0x000000000000ffff
RSP: 0x00000084239ffb88  R15: 0x00007ffa25192c10
RIP: 0x00007ffa25285874  EFL: 0x00000246

RAW STACK TRACE (Manual Walk):
#00 0x00007ffa25285874 NtWaitForWorkViaWorkerFactory + 0x0014 (Current)
#10 0x00007ffa25195f3e RtlSetThreadSubProcessTag + 0x1aee (Stack: 0x00000084239ffb90)
#20 0x00007ffa23b8e8d7 BaseThreadInitThunk + 0x0017 (Stack: 0x00000084239ffef0)
#30 0x00007ffa251ac53c RtlUserThreadStart + 0x002c (Stack: 0x00000084239fff20)

------------------------------------------------------
THREAD ID: 5878
State: Suspended ( captured )
RIP:   0x00007ffa252822e4 NtFsControlFile + 0x0014

CPU REGISTERS:
RAX: 0x0000000000000039  R8 : 0x0000000000000000
RBX: 0x0000000000000000  R9 : 0x0000000000000000
RCX: 0x00000000000001ec  R10: 0x00000000000001ec
RDX: 0x0000000000000000  R11: 0x00000000000001ec
RSI: 0x0000000000000000  R12: 0x0000000000000000
RDI: 0x00000000000001ec  R13: 0x0000000000000000
RBP: 0x0000008423dff740  R14: 0x0000000000000000
RSP: 0x0000008423dff678  R15: 0x0000000000000000
RIP: 0x00007ffa252822e4  EFL: 0x00000246

RAW STACK TRACE (Manual Walk):
#00 0x00007ffa252822e4 NtFsControlFile + 0x0014 (Current)
#10 0x00007ffa226e368a ConnectNamedPipe + 0x006a (Stack: 0x0000008423dff680)
#20 0x00007ff62df2c14b C:\Users\patri\OneDrive\Documents\Projects\Linuxify\linuxify.exe (No Exports) (Stack: 0x0000008423dff6f0)
#30 0x00007ff62e0560ed C:\Users\patri\OneDrive\Documents\Projects\Linuxify\linuxify.exe (No Exports) (Stack: 0x0000008423dff760)
#40 0x00007ff62e067373 C:\Users\patri\OneDrive\Documents\Projects\Linuxify\linuxify.exe (No Exports) (Stack: 0x0000008423dff7a0)
#50 0x00007ff62e0055d8 C:\Users\patri\OneDrive\Documents\Projects\Linuxify\linuxify.exe (No Exports) (Stack: 0x0000008423dff7e0)
#60 0x00007ff62e005638 C:\Users\patri\OneDrive\Documents\Projects\Linuxify\linuxify.exe (No Exports) (Stack: 0x0000008423dff820)
#70 0x00007ff62e0050bc C:\Users\patri\OneDrive\Documents\Projects\Linuxify\linuxify.exe (No Exports) (Stack: 0x0000008423dff850)
#80 0x00007ff62e07db4f C:\Users\patri\OneDrive\Documents\Projects\Linuxify\linuxify.exe (No Exports) (Stack: 0x0000008423dff880)
#90 0x00007ff62dec637a C:\Users\patri\OneDrive\Documents\Projects\Linuxify\linuxify.exe (No Exports) (Stack: 0x0000008423dff8c0)
#a0 0x00007ffa223237b0 wcsrchr + 0x0150 (Stack: 0x0000008423dff910)
#b0 0x00007ffa23b8e8d7 BaseThreadInitThunk + 0x0017 (Stack: 0x0000008423dff940)
#c0 0x00007ffa251ac53c RtlUserThreadStart + 0x002c (Stack: 0x0000008423dff970)
======================================================
