LINUXIFY HANG/WATCHDOG REPORT
=============================
Thread Handle: 0x00000000000001d4

CPU REGISTERS:
RAX: 0x0000000000000004  R8 : 0x0000000000000000
RBX: 0x00000000000001f0  R9 : 0x0000000000000010
RCX: 0x00000000000001f0  R10: 0x00000000000001f0
RDX: 0x0000000000000000  R11: 0x00000000000001f0
RSI: 0x00000000ffffffff  R12: 0x0000000000000000
RDI: 0x0000000000000000  R13: 0x0000000000000000
RBP: 0x000000ac009fb690  R14: 0x0000000000000000
RSP: 0x000000ac009fb568  R15: 0x0000000000000000
RIP: 0x00007ffa25281c44  EFL: 0x00000246

DISASSEMBLY (at 0x00007ffa25281c44):
0x00007ffa25281c44: RET   
0x00007ffa25281c45: DB    0xcd
0x00007ffa25281c46: DB    0x2e
0x00007ffa25281c47: RET   
0x00007ffa25281c48: DB    0x0f
0x00007ffa25281c49: DB    0x1f
Program Counter: 0x00007ffa25281c44 NtWaitForSingleObject + 0x0014

RAW STACK TRACE (Manual Walk):
#00 0x00007ffa25281c44 NtWaitForSingleObject + 0x0014 (Current)
#10 0x00007ffa226276af WaitForSingleObjectEx + 0x00af (Stack: 0x000000ac009fb570)
#20 0x00007ff73a74b8c4 C:\Users\patri\OneDrive\Documents\Projects\Linuxify\linuxify.exe (No Exports) (Stack: 0x000000ac009fb610)
#30 0x00007ff73a74c643 C:\Users\patri\OneDrive\Documents\Projects\Linuxify\linuxify.exe (No Exports) (Stack: 0x000000ac009fd960)
#40 0x00007ff73a74c732 C:\Users\patri\OneDrive\Documents\Projects\Linuxify\linuxify.exe (No Exports) (Stack: 0x000000ac009fdff0)
#50 0x00007ff73a74d75a C:\Users\patri\OneDrive\Documents\Projects\Linuxify\linuxify.exe (No Exports) (Stack: 0x000000ac009fe680)
#60 0x00007ff73a74d65d C:\Users\patri\OneDrive\Documents\Projects\Linuxify\linuxify.exe (No Exports) (Stack: 0x000000ac009fed10)
#70 0x00007ff73a74bb04 C:\Users\patri\OneDrive\Documents\Projects\Linuxify\linuxify.exe (No Exports) (Stack: 0x000000ac009ff3a0)
#80 0x00007ff73a741936 C:\Users\patri\OneDrive\Documents\Projects\Linuxify\linuxify.exe (No Exports) (Stack: 0x000000ac009ff420)
#90 0x00007ff73a750827 C:\Users\patri\OneDrive\Documents\Projects\Linuxify\linuxify.exe (No Exports) (Stack: 0x000000ac009ff5a0)
#10 0x00007ff73a701a0a C:\Users\patri\OneDrive\Documents\Projects\Linuxify\linuxify.exe (No Exports) (Stack: 0x000000ac009ff5d0)
#11 0x00007ff73a701366 C:\Users\patri\OneDrive\Documents\Projects\Linuxify\linuxify.exe (No Exports) (Stack: 0x000000ac009ff990)
#12 0x00007ff73a701067 C:\Users\patri\OneDrive\Documents\Projects\Linuxify\linuxify.exe (No Exports) (Stack: 0x000000ac009ffa30)
#13 0x00007ffa23b8e8d7 BaseThreadInitThunk + 0x0017 (Stack: 0x000000ac009ffa70)
#14 0x00007ffa251ac53c RtlUserThreadStart + 0x002c (Stack: 0x000000ac009ffaa0)

LOADED MODULES (LDR Walk):
Base Address00000000Size00000000Name
------------------------------------------------------------
0x00007ff73a700000 0x00275000   C:\Users\patri\OneDrive\Documents\Projects\Linuxify\linuxify.exe
0x00007ffa25120000 0x00267000   C:\WINDOWS\SYSTEM32\ntdll.dll
0x00007ffa23b60000 0x000c9000   C:\WINDOWS\System32\KERNEL32.DLL
0x00007ffa225f0000 0x003ef000   C:\WINDOWS\System32\KERNELBASE.dll
0x00007ffa24760000 0x000b4000   C:\WINDOWS\System32\ADVAPI32.dll
0x00007ffa22ec0000 0x000a9000   C:\WINDOWS\System32\msvcrt.dll
0x00007ffa230d0000 0x000a6000   C:\WINDOWS\System32\sechost.dll
0x00007ffa23c30000 0x00118000   C:\WINDOWS\System32\RPCRT4.dll
0x00007ffa22320000 0x0014b000   C:\WINDOWS\System32\ucrtbase.dll
0x00007ffa23f00000 0x00753000   C:\WINDOWS\System32\SHELL32.dll
0x00007ffa22c50000 0x000a3000   C:\WINDOWS\System32\msvcp_win.dll
0x00007ffa20ac0000 0x00034000   C:\WINDOWS\SYSTEM32\IPHLPAPI.DLL
0x00007ffa24db0000 0x001c5000   C:\WINDOWS\System32\USER32.dll
0x00007ffa22ab0000 0x00027000   C:\WINDOWS\System32\win32u.dll
0x00007ffa23b30000 0x0002b000   C:\WINDOWS\System32\GDI32.dll
0x00007ffa22d00000 0x0012c000   C:\WINDOWS\System32\gdi32full.dll
0x00007ffa22ae0000 0x0016a000   C:\WINDOWS\System32\wintypes.dll
0x00007ffa24a20000 0x00385000   C:\WINDOWS\System32\combase.dll
0x00007ffa23050000 0x00074000   C:\WINDOWS\System32\WS2_32.dll
0x00007ffa05f20000 0x00288000   C:\WINDOWS\SYSTEM32\WININET.dll
0x00007ffa175d0000 0x0008d000   C:\WINDOWS\SYSTEM32\wlanapi.dll
0x00007ffa22f70000 0x00031000   C:\WINDOWS\System32\IMM32.DLL
0x00007ffa17750000 0x00022000   C:\WINDOWS\SYSTEM32\MobileNetworking.dll
0x00007ffa21020000 0x0001b000   C:\WINDOWS\SYSTEM32\kernel.appcore.dll

MEMORY DUMP (0x00007ffa25281c44 +/- 64 bytes):
0x00007ffa25281c04: c3 cd 2e c3 f0 1f 84 00 00 00 00 00 4c 8b d1 b8   ............L...
0x00007ffa25281c14: 30 00 00 00 f6 40 25 80 30 fe 7f 10 75 30 f0 50   ......%.....u...
0x00007ffa25281c24: c3 cd 2e c3 f0 1f 84 00 00 00 00 00 4c 8b d1 b8   ............L...
0x00007ffa25281c34: 40 00 00 00 f6 40 25 80 30 fe 7f 10 75 30 f0 50   ......%.....u...
0x00007ffa25281c44: c3 cd 2e c3 f0 1f 84 00 00 00 00 00 4c 8b d1 b8   ............L...
0x00007ffa25281c54: 50 00 00 00 f6 40 25 80 30 fe 7f 10 75 30 f0 50   ......%.....u...
0x00007ffa25281c64: c3 cd 2e c3 f0 1f 84 00 00 00 00 00 4c 8b d1 b8   ............L...
0x00007ffa25281c74: 60 00 00 00 f6 40 25 80 30 fe 7f 10 75 30 f0 50   ......%.....u...

THREAD LIST:
THREAD ID: 2034
State: Suspended
RIP:   0x00007ffa25281c44 NtWaitForSingleObject + 0x0014

CPU REGISTERS:
RAX: 0x0000000000000004  R8 : 0x0000000000000000
RBX: 0x00000000000001f0  R9 : 0x0000000000000010
RCX: 0x00000000000001f0  R10: 0x00000000000001f0
RDX: 0x0000000000000000  R11: 0x00000000000001f0
RSI: 0x00000000ffffffff  R12: 0x0000000000000000
RDI: 0x0000000000000000  R13: 0x0000000000000000
RBP: 0x000000ac009fb690  R14: 0x0000000000000000
RSP: 0x000000ac009fb568  R15: 0x0000000000000000
RIP: 0x00007ffa25281c44  EFL: 0x00000246

RAW STACK TRACE (Manual Walk):
#00 0x00007ffa25281c44 NtWaitForSingleObject + 0x0014 (Current)
#10 0x00007ffa226276af WaitForSingleObjectEx + 0x00af (Stack: 0x000000ac009fb570)
#20 0x00007ff73a74b8c4 C:\Users\patri\OneDrive\Documents\Projects\Linuxify\linuxify.exe (No Exports) (Stack: 0x000000ac009fb610)
#30 0x00007ff73a74c643 C:\Users\patri\OneDrive\Documents\Projects\Linuxify\linuxify.exe (No Exports) (Stack: 0x000000ac009fd960)
#40 0x00007ff73a74c732 C:\Users\patri\OneDrive\Documents\Projects\Linuxify\linuxify.exe (No Exports) (Stack: 0x000000ac009fdff0)
#50 0x00007ff73a74d75a C:\Users\patri\OneDrive\Documents\Projects\Linuxify\linuxify.exe (No Exports) (Stack: 0x000000ac009fe680)
#60 0x00007ff73a74d65d C:\Users\patri\OneDrive\Documents\Projects\Linuxify\linuxify.exe (No Exports) (Stack: 0x000000ac009fed10)
#70 0x00007ff73a74bb04 C:\Users\patri\OneDrive\Documents\Projects\Linuxify\linuxify.exe (No Exports) (Stack: 0x000000ac009ff3a0)
#80 0x00007ff73a741936 C:\Users\patri\OneDrive\Documents\Projects\Linuxify\linuxify.exe (No Exports) (Stack: 0x000000ac009ff420)
#90 0x00007ff73a750827 C:\Users\patri\OneDrive\Documents\Projects\Linuxify\linuxify.exe (No Exports) (Stack: 0x000000ac009ff5a0)
#a0 0x00007ff73a701a0a C:\Users\patri\OneDrive\Documents\Projects\Linuxify\linuxify.exe (No Exports) (Stack: 0x000000ac009ff5d0)
#b0 0x00007ff73a701366 C:\Users\patri\OneDrive\Documents\Projects\Linuxify\linuxify.exe (No Exports) (Stack: 0x000000ac009ff990)
#c0 0x00007ff73a701067 C:\Users\patri\OneDrive\Documents\Projects\Linuxify\linuxify.exe (No Exports) (Stack: 0x000000ac009ffa30)
#d0 0x00007ffa23b8e8d7 BaseThreadInitThunk + 0x0017 (Stack: 0x000000ac009ffa70)
#e0 0x00007ffa251ac53c RtlUserThreadStart + 0x002c (Stack: 0x000000ac009ffaa0)
THREAD ID: 58f0
State: Suspended
RIP:   0x00007ffa25285874 NtWaitForWorkViaWorkerFactory + 0x0014

CPU REGISTERS:
RAX: 0x00000000000001e6  R8 : 0x0000000000000010
RBX: 0x000001d15ba2d7f0  R9 : 0x000000ac00bff9a8
RCX: 0x00000000000000a0  R10: 0x00000000000000a0
RDX: 0x000001d15ba2d470  R11: 0x00000000000000a0
RSI: 0x00007ffa25194ea0  R12: 0x00007ffa251f8280
RDI: 0x000001d15ba2a190  R13: 0x0000000000000000
RBP: 0x0000000000000000  R14: 0x000000000000ffff
RSP: 0x000000ac00bff948  R15: 0x00007ffa25192c10
RIP: 0x00007ffa25285874  EFL: 0x00000246

RAW STACK TRACE (Manual Walk):
#00 0x00007ffa25285874 NtWaitForWorkViaWorkerFactory + 0x0014 (Current)
#10 0x00007ffa25195f3e RtlSetThreadSubProcessTag + 0x1aee (Stack: 0x000000ac00bff950)
#20 0x00007ffa23b8e8d7 BaseThreadInitThunk + 0x0017 (Stack: 0x000000ac00bffcb0)
#30 0x00007ffa251ac53c RtlUserThreadStart + 0x002c (Stack: 0x000000ac00bffce0)
THREAD ID: 4d34
State: Suspended
RIP:   0x00007ffa25285874 NtWaitForWorkViaWorkerFactory + 0x0014

CPU REGISTERS:
RAX: 0x00000000000001e6  R8 : 0x0000000000000010
RBX: 0x000001d15ba2f020  R9 : 0x000000ac00dffc48
RCX: 0x00000000000000a0  R10: 0x00000000000000a0
RDX: 0x000001d15ba2eca0  R11: 0x00000000000000a0
RSI: 0x00007ffa25194ea0  R12: 0x00007ffa251f8280
RDI: 0x000001d15ba2a190  R13: 0x0000000000000000
RBP: 0x0000000000000000  R14: 0x000000000000ffff
RSP: 0x000000ac00dffbe8  R15: 0x00007ffa25192c10
RIP: 0x00007ffa25285874  EFL: 0x00000246

RAW STACK TRACE (Manual Walk):
#00 0x00007ffa25285874 NtWaitForWorkViaWorkerFactory + 0x0014 (Current)
#10 0x00007ffa25195f3e RtlSetThreadSubProcessTag + 0x1aee (Stack: 0x000000ac00dffbf0)
#20 0x00007ffa23b8e8d7 BaseThreadInitThunk + 0x0017 (Stack: 0x000000ac00dfff50)
#30 0x00007ffa251ac53c RtlUserThreadStart + 0x002c (Stack: 0x000000ac00dfff80)
THREAD ID: 7fa4
State: Suspended
RIP:   0x00007ffa25285874 NtWaitForWorkViaWorkerFactory + 0x0014

CPU REGISTERS:
RAX: 0x00000000000001e6  R8 : 0x0000000000000010
RBX: 0x000001d15ba2f4e0  R9 : 0x000000ac00fff608
RCX: 0x00000000000000a0  R10: 0x00000000000000a0
RDX: 0x000001d15ba2f160  R11: 0x00000000000000a0
RSI: 0x00007ffa25194ea0  R12: 0x00007ffa251f8280
RDI: 0x000001d15ba2a190  R13: 0x0000000000000000
RBP: 0x0000000000000000  R14: 0x000000000000ffff
RSP: 0x000000ac00fff5a8  R15: 0x00007ffa25192c10
RIP: 0x00007ffa25285874  EFL: 0x00000246

RAW STACK TRACE (Manual Walk):
#00 0x00007ffa25285874 NtWaitForWorkViaWorkerFactory + 0x0014 (Current)
#10 0x00007ffa25195f3e RtlSetThreadSubProcessTag + 0x1aee (Stack: 0x000000ac00fff5b0)
#20 0x00007ffa23b8e8d7 BaseThreadInitThunk + 0x0017 (Stack: 0x000000ac00fff910)
#30 0x00007ffa251ac53c RtlUserThreadStart + 0x002c (Stack: 0x000000ac00fff940)
THREAD ID: 7b3c
State: Suspended
RIP:   0x00007ffa252822e4 NtFsControlFile + 0x0014

CPU REGISTERS:
RAX: 0x0000000000000039  R8 : 0x0000000000000000
RBX: 0x0000000000000000  R9 : 0x0000000000000000
RCX: 0x00000000000001e4  R10: 0x00000000000001e4
RDX: 0x0000000000000000  R11: 0x00000000000001e4
RSI: 0x0000000000000000  R12: 0x0000000000000000
RDI: 0x00000000000001e4  R13: 0x0000000000000000
RBP: 0x000000ac013ff9b0  R14: 0x0000000000000000
RSP: 0x000000ac013ff8e8  R15: 0x0000000000000000
RIP: 0x00007ffa252822e4  EFL: 0x00000246

RAW STACK TRACE (Manual Walk):
#00 0x00007ffa252822e4 NtFsControlFile + 0x0014 (Current)
#10 0x00007ffa226e368a ConnectNamedPipe + 0x006a (Stack: 0x000000ac013ff8f0)
#20 0x00007ff73a78c7fb C:\Users\patri\OneDrive\Documents\Projects\Linuxify\linuxify.exe (No Exports) (Stack: 0x000000ac013ff960)
#30 0x00007ff73a8b652d C:\Users\patri\OneDrive\Documents\Projects\Linuxify\linuxify.exe (No Exports) (Stack: 0x000000ac013ff9d0)
#40 0x00007ff73a8c77b3 C:\Users\patri\OneDrive\Documents\Projects\Linuxify\linuxify.exe (No Exports) (Stack: 0x000000ac013ffa10)
#50 0x00007ff73a865b98 C:\Users\patri\OneDrive\Documents\Projects\Linuxify\linuxify.exe (No Exports) (Stack: 0x000000ac013ffa50)
#60 0x00007ff73a865bf8 C:\Users\patri\OneDrive\Documents\Projects\Linuxify\linuxify.exe (No Exports) (Stack: 0x000000ac013ffa90)
#70 0x00007ff73a86567c C:\Users\patri\OneDrive\Documents\Projects\Linuxify\linuxify.exe (No Exports) (Stack: 0x000000ac013ffac0)
#80 0x00007ff73a8ddf8f C:\Users\patri\OneDrive\Documents\Projects\Linuxify\linuxify.exe (No Exports) (Stack: 0x000000ac013ffaf0)
#90 0x00007ff73a7263ca C:\Users\patri\OneDrive\Documents\Projects\Linuxify\linuxify.exe (No Exports) (Stack: 0x000000ac013ffb30)
#a0 0x00007ffa223237b0 wcsrchr + 0x0150 (Stack: 0x000000ac013ffb80)
#b0 0x00007ffa23b8e8d7 BaseThreadInitThunk + 0x0017 (Stack: 0x000000ac013ffbb0)
#c0 0x00007ffa251ac53c RtlUserThreadStart + 0x002c (Stack: 0x000000ac013ffbe0)
