2025-12-13 21:50:03 - Cron daemon started
2025-12-13 21:50:03 - Executing: echo Cron executed at %TIME% >> crontest.log
2025-12-13 21:50:03 - Job started successfully
2025-12-13 21:51:00 - Executing: echo Cron executed at %TIME% >> crontest.log
2025-12-13 21:51:00 - Job started successfully
2025-12-13 21:52:00 - Executing: echo Cron executed at %TIME% >> crontest.log
2025-12-13 21:52:00 - Job started successfully
2025-12-13 21:53:00 - Executing: echo Cron executed at %TIME% >> crontest.log
2025-12-13 21:53:00 - Job started successfully
2025-12-13 23:53:48 - Executing: echo Cron executed at %TIME% >> crontest.log
2025-12-13 23:53:48 - Job started successfully
2025-12-14 07:53:53 - Executing: echo Cron executed at %TIME% >> crontest.log
2025-12-14 07:53:53 - Job started successfully
2025-12-14 09:27:50 - Executing: echo Cron executed at %TIME% >> crontest.log
2025-12-14 09:27:52 - Job started successfully
2025-12-14 09:28:00 - Executing: echo Cron executed at %TIME% >> crontest.log
2025-12-14 09:28:00 - Job started successfully
2025-12-14 09:28:26 - Cron daemon stopped
2025-12-14 10:24:20 [crond] Cron daemon started
2025-12-14 10:24:20 [crond] Loaded 0 jobs from crontab
2025-12-14 10:24:20 [crond] Loaded 0 jobs from crontab
2025-12-14 10:25:00 [crond] Loaded 0 jobs from crontab
2025-12-14 10:26:00 [crond] Loaded 0 jobs from crontab
2025-12-14 10:27:00 [crond] Loaded 0 jobs from crontab
2025-12-14 10:28:00 [crond] Loaded 0 jobs from crontab
2025-12-14 10:29:00 [crond] Loaded 0 jobs from crontab
2025-12-14 10:29:10 [crond] Loaded 0 jobs from crontab
2025-12-14 10:30:00 [crond] Loaded 0 jobs from crontab
2025-12-14 10:31:00 [crond] Loaded 0 jobs from crontab
2025-12-14 10:32:00 [crond] Loaded 0 jobs from crontab
2025-12-14 10:33:00 [crond] Loaded 0 jobs from crontab
2025-12-14 10:34:00 [crond] Loaded 0 jobs from crontab
2025-12-14 10:35:00 [crond] Loaded 0 jobs from crontab
2025-12-14 10:36:00 [crond] Loaded 0 jobs from crontab
2025-12-14 10:37:00 [crond] Loaded 1 jobs from crontab
2025-12-14 10:37:00 [crond] Executing: python test_cron.py
2025-12-14 10:37:00 [crond] Job started: python test_cron.py
2025-12-14 10:37:49 [crond] Loaded 1 jobs from crontab
2025-12-14 10:38:00 [crond] Loaded 1 jobs from crontab
2025-12-14 10:38:00 [crond] Executing: python test_cron.py
2025-12-14 10:38:00 [crond] Job started: python test_cron.py
2025-12-14 10:39:00 [crond] Loaded 1 jobs from crontab
2025-12-14 10:39:00 [crond] Executing: python test_cron.py
2025-12-14 10:39:00 [crond] Job started: python test_cron.py
2025-12-14 10:40:00 [crond] Loaded 1 jobs from crontab
2025-12-14 10:40:00 [crond] Executing: python test_cron.py
2025-12-14 10:40:00 [crond] Job started: python test_cron.py
2025-12-14 10:41:00 [crond] Loaded 1 jobs from crontab
2025-12-14 10:41:00 [crond] Executing: python test_cron.py
2025-12-14 10:41:00 [crond] Job started: python test_cron.py
2025-12-14 10:42:01 [crond] Loaded 1 jobs from crontab
2025-12-14 10:42:01 [crond] Executing: python test_cron.py
2025-12-14 10:42:01 [crond] Job started: python test_cron.py
2025-12-14 10:43:00 [crond] Loaded 1 jobs from crontab
2025-12-14 10:43:00 [crond] Executing: python test_cron.py
2025-12-14 10:43:00 [crond] Job started: python test_cron.py
2025-12-14 10:43:03 [crond] Loaded 1 jobs from crontab
2025-12-14 10:44:00 [crond] Loaded 1 jobs from crontab
2025-12-14 10:44:00 [crond] Executing: python test_cron.py
2025-12-14 10:44:00 [crond] Job started: python test_cron.py
2025-12-14 10:45:00 [crond] Loaded 1 jobs from crontab
2025-12-14 10:45:00 [crond] Executing: python test_cron.py
2025-12-14 10:45:00 [crond] Job started: python test_cron.py
2025-12-14 10:46:00 [crond] Loaded 1 jobs from crontab
2025-12-14 10:46:00 [crond] Executing: python C:\Users\patri\OneDrive\Documents\Projects\Linuxify\test_cron.py
2025-12-14 10:46:00 [crond] Job started: python C:\Users\patri\OneDrive\Documents\Projects\Linuxify\test_cron.py
2025-12-14 10:47:00 [crond] Loaded 1 jobs from crontab
2025-12-14 10:47:00 [crond] Executing: python C:\Users\patri\OneDrive\Documents\Projects\Linuxify\test_cron.py
2025-12-14 10:47:00 [crond] Job started: python C:\Users\patri\OneDrive\Documents\Projects\Linuxify\test_cron.py
2025-12-14 10:48:00 [crond] Loaded 1 jobs from crontab
2025-12-14 10:48:00 [crond] Executing: python C:\Users\patri\OneDrive\Documents\Projects\Linuxify\test_cron.py
2025-12-14 10:48:00 [crond] Job started: python C:\Users\patri\OneDrive\Documents\Projects\Linuxify\test_cron.py
2025-12-14 10:49:00 [crond] Loaded 1 jobs from crontab
2025-12-14 10:49:00 [crond] Executing: python C:\Users\patri\OneDrive\Documents\Projects\Linuxify\test_cron.py
2025-12-14 10:49:00 [crond] Job started: python C:\Users\patri\OneDrive\Documents\Projects\Linuxify\test_cron.py
2025-12-14 10:50:00 [crond] Loaded 1 jobs from crontab
2025-12-14 10:50:00 [crond] Executing: python C:\Users\patri\OneDrive\Documents\Projects\Linuxify\test_cron.py
2025-12-14 10:50:00 [crond] Job started: python C:\Users\patri\OneDrive\Documents\Projects\Linuxify\test_cron.py
2025-12-14 10:51:00 [crond] Loaded 1 jobs from crontab
2025-12-14 10:51:00 [crond] Executing: python C:\Users\patri\OneDrive\Documents\Projects\Linuxify\test_cron.py
2025-12-14 10:51:00 [crond] Job started: python C:\Users\patri\OneDrive\Documents\Projects\Linuxify\test_cron.py
2025-12-14 10:52:00 [crond] Loaded 1 jobs from crontab
2025-12-14 10:52:00 [crond] Executing: python C:\Users\patri\OneDrive\Documents\Projects\Linuxify\test_cron.py
2025-12-14 10:52:00 [crond] Job started: python C:\Users\patri\OneDrive\Documents\Projects\Linuxify\test_cron.py
2025-12-14 10:53:00 [crond] Loaded 1 jobs from crontab
2025-12-14 10:53:00 [crond] Executing: python C:\Users\patri\OneDrive\Documents\Projects\Linuxify\test_cron.py
2025-12-14 10:53:00 [crond] Job started: python C:\Users\patri\OneDrive\Documents\Projects\Linuxify\test_cron.py
2025-12-14 10:54:00 [crond] Loaded 1 jobs from crontab
2025-12-14 10:54:00 [crond] Executing: python C:\Users\patri\OneDrive\Documents\Projects\Linuxify\test_cron.py
2025-12-14 10:54:00 [crond] Job started: python C:\Users\patri\OneDrive\Documents\Projects\Linuxify\test_cron.py
2025-12-14 10:55:00 [crond] Loaded 1 jobs from crontab
2025-12-14 10:55:00 [crond] Executing: python C:\Users\patri\OneDrive\Documents\Projects\Linuxify\test_cron.py
2025-12-14 10:55:00 [crond] Job started: python C:\Users\patri\OneDrive\Documents\Projects\Linuxify\test_cron.py
2025-12-14 10:56:00 [crond] Loaded 1 jobs from crontab
2025-12-14 10:56:00 [crond] Executing: python C:\Users\patri\OneDrive\Documents\Projects\Linuxify\test_cron.py
2025-12-14 10:56:00 [crond] Job started: python C:\Users\patri\OneDrive\Documents\Projects\Linuxify\test_cron.py
2025-12-14 10:57:00 [crond] Loaded 1 jobs from crontab
2025-12-14 10:57:00 [crond] Executing: python C:\Users\patri\OneDrive\Documents\Projects\Linuxify\test_cron.py
2025-12-14 10:57:00 [crond] Job started: python C:\Users\patri\OneDrive\Documents\Projects\Linuxify\test_cron.py
2025-12-14 10:58:00 [crond] Loaded 1 jobs from crontab
2025-12-14 10:58:00 [crond] Executing: python C:\Users\patri\OneDrive\Documents\Projects\Linuxify\test_cron.py
2025-12-14 10:58:00 [crond] Job started: python C:\Users\patri\OneDrive\Documents\Projects\Linuxify\test_cron.py
2025-12-14 10:59:00 [crond] Loaded 1 jobs from crontab
2025-12-14 10:59:00 [crond] Executing: python C:\Users\patri\OneDrive\Documents\Projects\Linuxify\test_cron.py
2025-12-14 10:59:00 [crond] Job started: python C:\Users\patri\OneDrive\Documents\Projects\Linuxify\test_cron.py
2025-12-14 11:00:00 [crond] Loaded 1 jobs from crontab
2025-12-14 11:00:00 [crond] Executing: python C:\Users\patri\OneDrive\Documents\Projects\Linuxify\test_cron.py
2025-12-14 11:00:00 [crond] Job started: python C:\Users\patri\OneDrive\Documents\Projects\Linuxify\test_cron.py
2025-12-14 11:09:10 [crond] Cron daemon started
2025-12-14 11:09:10 [crond] Registry loaded: 30 interpreters
2025-12-14 11:09:10 [crond] Loaded 1 jobs from crontab
2025-12-14 11:09:10 [crond] Registry loaded: 30 interpreters
2025-12-14 11:09:10 [crond] Loaded 1 jobs from crontab
2025-12-14 11:09:10 [crond] Executing: python C:\Users\patri\OneDrive\Documents\Projects\Linuxify\test_cron.py
2025-12-14 11:09:10 [crond] Using interpreter: python -> C:\Users\patri\AppData\Local\Microsoft\WindowsApps\python.exe
2025-12-14 11:09:10 [crond] Job started: python C:\Users\patri\OneDrive\Documents\Projects\Linuxify\test_cron.py
2025-12-14 11:09:37 [crond] Cron daemon started
2025-12-14 11:09:37 [crond] Registry loaded: 30 interpreters
2025-12-14 11:09:37 [crond] Loaded 1 jobs from crontab
2025-12-14 11:09:37 [crond] Registry loaded: 30 interpreters
2025-12-14 11:09:37 [crond] Loaded 1 jobs from crontab
2025-12-14 11:09:37 [crond] Executing: python C:\Users\patri\OneDrive\Documents\Projects\Linuxify\test_cron.py
2025-12-14 11:09:37 [crond] Using interpreter: python -> C:\Users\patri\AppData\Local\Microsoft\WindowsApps\python.exe
2025-12-14 11:09:37 [crond] Job started: python C:\Users\patri\OneDrive\Documents\Projects\Linuxify\test_cron.py
2025-12-14 11:10:00 [crond] Registry loaded: 30 interpreters
2025-12-14 11:10:00 [crond] Loaded 1 jobs from crontab
2025-12-14 11:10:00 [crond] Executing: python C:\Users\patri\OneDrive\Documents\Projects\Linuxify\test_cron.py
2025-12-14 11:10:00 [crond] Using interpreter: python -> C:\Users\patri\AppData\Local\Microsoft\WindowsApps\python.exe
2025-12-14 11:10:00 [crond] Job started: python C:\Users\patri\OneDrive\Documents\Projects\Linuxify\test_cron.py
2025-12-14 11:11:00 [crond] Registry loaded: 30 interpreters
2025-12-14 11:11:00 [crond] Loaded 1 jobs from crontab
2025-12-14 11:11:00 [crond] Executing: python C:\Users\patri\OneDrive\Documents\Projects\Linuxify\test_cron.py
2025-12-14 11:11:00 [crond] Using interpreter: python -> C:\Users\patri\AppData\Local\Microsoft\WindowsApps\python.exe
2025-12-14 11:11:00 [crond] Job started: python C:\Users\patri\OneDrive\Documents\Projects\Linuxify\test_cron.py
2025-12-14 11:12:00 [crond] Registry loaded: 30 interpreters
2025-12-14 11:12:00 [crond] Loaded 1 jobs from crontab
2025-12-14 11:12:00 [crond] Executing: python C:\Users\patri\OneDrive\Documents\Projects\Linuxify\test_cron.py
2025-12-14 11:12:00 [crond] Using interpreter: python -> C:\Users\patri\AppData\Local\Microsoft\WindowsApps\python.exe
2025-12-14 11:12:00 [crond] Job started: python C:\Users\patri\OneDrive\Documents\Projects\Linuxify\test_cron.py
2025-12-14 11:13:00 [crond] Registry loaded: 30 interpreters
2025-12-14 11:13:00 [crond] Loaded 1 jobs from crontab
2025-12-14 11:13:00 [crond] Executing: python C:\Users\patri\OneDrive\Documents\Projects\Linuxify\test_cron.py
2025-12-14 11:13:00 [crond] Using interpreter: python -> C:\Users\patri\AppData\Local\Microsoft\WindowsApps\python.exe
2025-12-14 11:13:00 [crond] Job started: python C:\Users\patri\OneDrive\Documents\Projects\Linuxify\test_cron.py
2025-12-14 11:14:00 [crond] Registry loaded: 30 interpreters
2025-12-14 11:14:00 [crond] Loaded 1 jobs from crontab
2025-12-14 11:14:00 [crond] Executing: python C:\Users\patri\OneDrive\Documents\Projects\Linuxify\test_cron.py
2025-12-14 11:14:00 [crond] Using interpreter: python -> C:\Users\patri\AppData\Local\Microsoft\WindowsApps\python.exe
2025-12-14 11:14:00 [crond] Job started: python C:\Users\patri\OneDrive\Documents\Projects\Linuxify\test_cron.py
2025-12-14 11:15:00 [crond] Registry loaded: 30 interpreters
2025-12-14 11:15:00 [crond] Loaded 1 jobs from crontab
2025-12-14 11:15:00 [crond] Executing: python C:\Users\patri\OneDrive\Documents\Projects\Linuxify\test_cron.py
2025-12-14 11:15:00 [crond] Using interpreter: python -> C:\Users\patri\AppData\Local\Microsoft\WindowsApps\python.exe
2025-12-14 11:15:00 [crond] Job started: python C:\Users\patri\OneDrive\Documents\Projects\Linuxify\test_cron.py
2025-12-14 11:16:00 [crond] Registry loaded: 30 interpreters
2025-12-14 11:16:00 [crond] Loaded 1 jobs from crontab
2025-12-14 11:16:00 [crond] Executing: python C:\Users\patri\OneDrive\Documents\Projects\Linuxify\test_cron.py
2025-12-14 11:16:00 [crond] Using interpreter: python -> C:\Users\patri\AppData\Local\Microsoft\WindowsApps\python.exe
2025-12-14 11:16:00 [crond] Job started: python C:\Users\patri\OneDrive\Documents\Projects\Linuxify\test_cron.py
2025-12-14 11:17:00 [crond] Registry loaded: 30 interpreters
2025-12-14 11:17:00 [crond] Loaded 1 jobs from crontab
2025-12-14 11:17:00 [crond] Executing: python C:\Users\patri\OneDrive\Documents\Projects\Linuxify\test_cron.py
2025-12-14 11:17:00 [crond] Using interpreter: python -> C:\Users\patri\AppData\Local\Microsoft\WindowsApps\python.exe
2025-12-14 11:17:00 [crond] Job started: python C:\Users\patri\OneDrive\Documents\Projects\Linuxify\test_cron.py
2025-12-14 11:18:00 [crond] Registry loaded: 30 interpreters
2025-12-14 11:18:00 [crond] Loaded 1 jobs from crontab
2025-12-14 11:18:00 [crond] Executing: python C:\Users\patri\OneDrive\Documents\Projects\Linuxify\test_cron.py
2025-12-14 11:18:00 [crond] Using interpreter: python -> C:\Users\patri\AppData\Local\Microsoft\WindowsApps\python.exe
2025-12-14 11:18:00 [crond] Job started: python C:\Users\patri\OneDrive\Documents\Projects\Linuxify\test_cron.py
2025-12-14 11:19:00 [crond] Registry loaded: 30 interpreters
2025-12-14 11:19:00 [crond] Loaded 1 jobs from crontab
2025-12-14 11:19:00 [crond] Executing: python C:\Users\patri\OneDrive\Documents\Projects\Linuxify\test_cron.py
2025-12-14 11:19:00 [crond] Using interpreter: python -> C:\Users\patri\AppData\Local\Microsoft\WindowsApps\python.exe
2025-12-14 11:19:00 [crond] Job started: python C:\Users\patri\OneDrive\Documents\Projects\Linuxify\test_cron.py
2025-12-14 11:20:00 [crond] Registry loaded: 30 interpreters
2025-12-14 11:20:00 [crond] Loaded 1 jobs from crontab
2025-12-14 11:20:00 [crond] Executing: python C:\Users\patri\OneDrive\Documents\Projects\Linuxify\test_cron.py
2025-12-14 11:20:00 [crond] Using interpreter: python -> C:\Users\patri\AppData\Local\Microsoft\WindowsApps\python.exe
2025-12-14 11:20:00 [crond] Job started: python C:\Users\patri\OneDrive\Documents\Projects\Linuxify\test_cron.py
2025-12-14 11:21:00 [crond] Registry loaded: 30 interpreters
2025-12-14 11:21:00 [crond] Loaded 1 jobs from crontab
2025-12-14 11:21:00 [crond] Executing: python C:\Users\patri\OneDrive\Documents\Projects\Linuxify\test_cron.py
2025-12-14 11:21:00 [crond] Using interpreter: python -> C:\Users\patri\AppData\Local\Microsoft\WindowsApps\python.exe
2025-12-14 11:21:00 [crond] Job started: python C:\Users\patri\OneDrive\Documents\Projects\Linuxify\test_cron.py
2025-12-14 11:22:00 [crond] Registry loaded: 30 interpreters
2025-12-14 11:22:00 [crond] Loaded 1 jobs from crontab
2025-12-14 11:22:00 [crond] Executing: python C:\Users\patri\OneDrive\Documents\Projects\Linuxify\test_cron.py
2025-12-14 11:22:00 [crond] Using interpreter: python -> C:\Users\patri\AppData\Local\Microsoft\WindowsApps\python.exe
2025-12-14 11:22:00 [crond] Job started: python C:\Users\patri\OneDrive\Documents\Projects\Linuxify\test_cron.py
2025-12-14 11:23:00 [crond] Registry loaded: 30 interpreters
2025-12-14 11:23:00 [crond] Loaded 1 jobs from crontab
2025-12-14 11:23:00 [crond] Executing: python C:\Users\patri\OneDrive\Documents\Projects\Linuxify\test_cron.py
2025-12-14 11:23:00 [crond] Using interpreter: python -> C:\Users\patri\AppData\Local\Microsoft\WindowsApps\python.exe
2025-12-14 11:23:00 [crond] Job started: python C:\Users\patri\OneDrive\Documents\Projects\Linuxify\test_cron.py
2025-12-14 11:24:00 [crond] Registry loaded: 30 interpreters
2025-12-14 11:24:00 [crond] Loaded 1 jobs from crontab
2025-12-14 11:24:00 [crond] Executing: python C:\Users\patri\OneDrive\Documents\Projects\Linuxify\test_cron.py
2025-12-14 11:24:00 [crond] Using interpreter: python -> C:\Users\patri\AppData\Local\Microsoft\WindowsApps\python.exe
2025-12-14 11:24:01 [crond] Job started: python C:\Users\patri\OneDrive\Documents\Projects\Linuxify\test_cron.py
2025-12-14 11:25:00 [crond] Registry loaded: 30 interpreters
2025-12-14 11:25:00 [crond] Loaded 1 jobs from crontab
2025-12-14 11:25:00 [crond] Executing: python C:\Users\patri\OneDrive\Documents\Projects\Linuxify\test_cron.py
2025-12-14 11:25:00 [crond] Using interpreter: python -> C:\Users\patri\AppData\Local\Microsoft\WindowsApps\python.exe
2025-12-14 11:25:00 [crond] Job started: python C:\Users\patri\OneDrive\Documents\Projects\Linuxify\test_cron.py
2025-12-14 11:26:00 [crond] Registry loaded: 30 interpreters
2025-12-14 11:26:00 [crond] Loaded 1 jobs from crontab
2025-12-14 11:26:00 [crond] Executing: python C:\Users\patri\OneDrive\Documents\Projects\Linuxify\test_cron.py
2025-12-14 11:26:00 [crond] Using interpreter: python -> C:\Users\patri\AppData\Local\Microsoft\WindowsApps\python.exe
2025-12-14 11:26:00 [crond] Job started: python C:\Users\patri\OneDrive\Documents\Projects\Linuxify\test_cron.py
2025-12-14 11:27:00 [crond] Registry loaded: 30 interpreters
2025-12-14 11:27:00 [crond] Loaded 1 jobs from crontab
2025-12-14 11:27:00 [crond] Executing: python C:\Users\patri\OneDrive\Documents\Projects\Linuxify\test_cron.py
2025-12-14 11:27:00 [crond] Using interpreter: python -> C:\Users\patri\AppData\Local\Microsoft\WindowsApps\python.exe
2025-12-14 11:27:00 [crond] Job started: python C:\Users\patri\OneDrive\Documents\Projects\Linuxify\test_cron.py
2025-12-14 11:28:00 [crond] Registry loaded: 30 interpreters
2025-12-14 11:28:00 [crond] Loaded 1 jobs from crontab
2025-12-14 11:28:00 [crond] Executing: python C:\Users\patri\OneDrive\Documents\Projects\Linuxify\test_cron.py
2025-12-14 11:28:00 [crond] Using interpreter: python -> C:\Users\patri\AppData\Local\Microsoft\WindowsApps\python.exe
2025-12-14 11:28:00 [crond] Job started: python C:\Users\patri\OneDrive\Documents\Projects\Linuxify\test_cron.py
2025-12-14 11:29:00 [crond] Registry loaded: 30 interpreters
2025-12-14 11:29:00 [crond] Loaded 1 jobs from crontab
2025-12-14 11:29:00 [crond] Executing: python C:\Users\patri\OneDrive\Documents\Projects\Linuxify\test_cron.py
2025-12-14 11:29:00 [crond] Using interpreter: python -> C:\Users\patri\AppData\Local\Microsoft\WindowsApps\python.exe
2025-12-14 11:29:00 [crond] Job started: python C:\Users\patri\OneDrive\Documents\Projects\Linuxify\test_cron.py
2025-12-14 11:30:00 [crond] Registry loaded: 30 interpreters
2025-12-14 11:30:00 [crond] Loaded 1 jobs from crontab
2025-12-14 11:30:00 [crond] Executing: python C:\Users\patri\OneDrive\Documents\Projects\Linuxify\test_cron.py
2025-12-14 11:30:00 [crond] Using interpreter: python -> C:\Users\patri\AppData\Local\Microsoft\WindowsApps\python.exe
2025-12-14 11:30:00 [crond] Job started: python C:\Users\patri\OneDrive\Documents\Projects\Linuxify\test_cron.py
2025-12-14 11:31:00 [crond] Registry loaded: 30 interpreters
2025-12-14 11:31:00 [crond] Loaded 1 jobs from crontab
2025-12-14 11:31:00 [crond] Executing: python C:\Users\patri\OneDrive\Documents\Projects\Linuxify\test_cron.py
2025-12-14 11:31:00 [crond] Using interpreter: python -> C:\Users\patri\AppData\Local\Microsoft\WindowsApps\python.exe
2025-12-14 11:31:01 [crond] Job started: python C:\Users\patri\OneDrive\Documents\Projects\Linuxify\test_cron.py
2025-12-14 11:32:00 [crond] Registry loaded: 30 interpreters
2025-12-14 11:32:00 [crond] Loaded 1 jobs from crontab
2025-12-14 11:32:00 [crond] Executing: python C:\Users\patri\OneDrive\Documents\Projects\Linuxify\test_cron.py
2025-12-14 11:32:00 [crond] Using interpreter: python -> C:\Users\patri\AppData\Local\Microsoft\WindowsApps\python.exe
2025-12-14 11:32:00 [crond] Job started: python C:\Users\patri\OneDrive\Documents\Projects\Linuxify\test_cron.py
2025-12-14 11:33:00 [crond] Registry loaded: 30 interpreters
2025-12-14 11:33:00 [crond] Loaded 1 jobs from crontab
2025-12-14 11:33:00 [crond] Executing: python C:\Users\patri\OneDrive\Documents\Projects\Linuxify\test_cron.py
2025-12-14 11:33:00 [crond] Using interpreter: python -> C:\Users\patri\AppData\Local\Microsoft\WindowsApps\python.exe
2025-12-14 11:33:00 [crond] Job started: python C:\Users\patri\OneDrive\Documents\Projects\Linuxify\test_cron.py
2025-12-14 11:34:00 [crond] Registry loaded: 30 interpreters
2025-12-14 11:34:00 [crond] Loaded 1 jobs from crontab
2025-12-14 11:34:00 [crond] Executing: python C:\Users\patri\OneDrive\Documents\Projects\Linuxify\test_cron.py
2025-12-14 11:34:00 [crond] Using interpreter: python -> C:\Users\patri\AppData\Local\Microsoft\WindowsApps\python.exe
2025-12-14 11:34:00 [crond] Job started: python C:\Users\patri\OneDrive\Documents\Projects\Linuxify\test_cron.py
2025-12-14 11:35:00 [crond] Registry loaded: 30 interpreters
2025-12-14 11:35:00 [crond] Loaded 1 jobs from crontab
2025-12-14 11:35:00 [crond] Executing: python C:\Users\patri\OneDrive\Documents\Projects\Linuxify\test_cron.py
2025-12-14 11:35:00 [crond] Using interpreter: python -> C:\Users\patri\AppData\Local\Microsoft\WindowsApps\python.exe
2025-12-14 11:35:00 [crond] Job started: python C:\Users\patri\OneDrive\Documents\Projects\Linuxify\test_cron.py
2025-12-14 11:36:00 [crond] Registry loaded: 30 interpreters
2025-12-14 11:36:00 [crond] Loaded 1 jobs from crontab
2025-12-14 11:36:00 [crond] Executing: python C:\Users\patri\OneDrive\Documents\Projects\Linuxify\test_cron.py
2025-12-14 11:36:00 [crond] Using interpreter: python -> C:\Users\patri\AppData\Local\Microsoft\WindowsApps\python.exe
2025-12-14 11:36:00 [crond] Job started: python C:\Users\patri\OneDrive\Documents\Projects\Linuxify\test_cron.py
2025-12-14 11:37:00 [crond] Registry loaded: 30 interpreters
2025-12-14 11:37:00 [crond] Loaded 1 jobs from crontab
2025-12-14 11:37:00 [crond] Executing: python C:\Users\patri\OneDrive\Documents\Projects\Linuxify\test_cron.py
2025-12-14 11:37:00 [crond] Using interpreter: python -> C:\Users\patri\AppData\Local\Microsoft\WindowsApps\python.exe
2025-12-14 11:37:00 [crond] Job started: python C:\Users\patri\OneDrive\Documents\Projects\Linuxify\test_cron.py
2025-12-14 11:38:00 [crond] Registry loaded: 30 interpreters
2025-12-14 11:38:00 [crond] Loaded 1 jobs from crontab
2025-12-14 11:38:00 [crond] Executing: python C:\Users\patri\OneDrive\Documents\Projects\Linuxify\test_cron.py
2025-12-14 11:38:00 [crond] Using interpreter: python -> C:\Users\patri\AppData\Local\Microsoft\WindowsApps\python.exe
2025-12-14 11:38:00 [crond] Job started: python C:\Users\patri\OneDrive\Documents\Projects\Linuxify\test_cron.py
2025-12-14 11:39:00 [crond] Registry loaded: 30 interpreters
2025-12-14 11:39:00 [crond] Loaded 1 jobs from crontab
2025-12-14 11:39:00 [crond] Executing: python C:\Users\patri\OneDrive\Documents\Projects\Linuxify\test_cron.py
2025-12-14 11:39:00 [crond] Using interpreter: python -> C:\Users\patri\AppData\Local\Microsoft\WindowsApps\python.exe
2025-12-14 11:39:00 [crond] Job started: python C:\Users\patri\OneDrive\Documents\Projects\Linuxify\test_cron.py
2025-12-14 11:40:00 [crond] Registry loaded: 30 interpreters
2025-12-14 11:40:00 [crond] Loaded 1 jobs from crontab
2025-12-14 11:40:00 [crond] Executing: python C:\Users\patri\OneDrive\Documents\Projects\Linuxify\test_cron.py
2025-12-14 11:40:00 [crond] Using interpreter: python -> C:\Users\patri\AppData\Local\Microsoft\WindowsApps\python.exe
2025-12-14 11:40:00 [crond] Job started: python C:\Users\patri\OneDrive\Documents\Projects\Linuxify\test_cron.py
2025-12-14 11:41:00 [crond] Registry loaded: 30 interpreters
2025-12-14 11:41:00 [crond] Loaded 1 jobs from crontab
2025-12-14 11:41:00 [crond] Executing: python C:\Users\patri\OneDrive\Documents\Projects\Linuxify\test_cron.py
2025-12-14 11:41:00 [crond] Using interpreter: python -> C:\Users\patri\AppData\Local\Microsoft\WindowsApps\python.exe
2025-12-14 11:41:00 [crond] Job started: python C:\Users\patri\OneDrive\Documents\Projects\Linuxify\test_cron.py
2025-12-14 11:42:00 [crond] Registry loaded: 30 interpreters
2025-12-14 11:42:00 [crond] Loaded 1 jobs from crontab
2025-12-14 11:42:00 [crond] Executing: python C:\Users\patri\OneDrive\Documents\Projects\Linuxify\test_cron.py
2025-12-14 11:42:00 [crond] Using interpreter: python -> C:\Users\patri\AppData\Local\Microsoft\WindowsApps\python.exe
2025-12-14 11:42:00 [crond] Job started: python C:\Users\patri\OneDrive\Documents\Projects\Linuxify\test_cron.py
2025-12-14 11:43:00 [crond] Registry loaded: 30 interpreters
2025-12-14 11:43:00 [crond] Loaded 1 jobs from crontab
2025-12-14 11:43:00 [crond] Executing: python C:\Users\patri\OneDrive\Documents\Projects\Linuxify\test_cron.py
2025-12-14 11:43:00 [crond] Using interpreter: python -> C:\Users\patri\AppData\Local\Microsoft\WindowsApps\python.exe
2025-12-14 11:43:00 [crond] Job started: python C:\Users\patri\OneDrive\Documents\Projects\Linuxify\test_cron.py
2025-12-14 11:44:00 [crond] Registry loaded: 30 interpreters
2025-12-14 11:44:00 [crond] Loaded 1 jobs from crontab
2025-12-14 11:44:00 [crond] Executing: python C:\Users\patri\OneDrive\Documents\Projects\Linuxify\test_cron.py
2025-12-14 11:44:00 [crond] Using interpreter: python -> C:\Users\patri\AppData\Local\Microsoft\WindowsApps\python.exe
2025-12-14 11:44:01 [crond] Job started: python C:\Users\patri\OneDrive\Documents\Projects\Linuxify\test_cron.py
2025-12-14 11:45:00 [crond] Registry loaded: 30 interpreters
2025-12-14 11:45:00 [crond] Loaded 1 jobs from crontab
2025-12-14 11:45:00 [crond] Executing: python C:\Users\patri\OneDrive\Documents\Projects\Linuxify\test_cron.py
2025-12-14 11:45:00 [crond] Using interpreter: python -> C:\Users\patri\AppData\Local\Microsoft\WindowsApps\python.exe
2025-12-14 11:45:00 [crond] Job started: python C:\Users\patri\OneDrive\Documents\Projects\Linuxify\test_cron.py
2025-12-14 11:46:00 [crond] Registry loaded: 30 interpreters
2025-12-14 11:46:00 [crond] Loaded 1 jobs from crontab
2025-12-14 11:46:00 [crond] Executing: python C:\Users\patri\OneDrive\Documents\Projects\Linuxify\test_cron.py
2025-12-14 11:46:00 [crond] Using interpreter: python -> C:\Users\patri\AppData\Local\Microsoft\WindowsApps\python.exe
2025-12-14 11:46:00 [crond] Job started: python C:\Users\patri\OneDrive\Documents\Projects\Linuxify\test_cron.py
2025-12-14 11:47:00 [crond] Registry loaded: 30 interpreters
2025-12-14 11:47:00 [crond] Loaded 1 jobs from crontab
2025-12-14 11:47:00 [crond] Executing: python C:\Users\patri\OneDrive\Documents\Projects\Linuxify\test_cron.py
2025-12-14 11:47:00 [crond] Using interpreter: python -> C:\Users\patri\AppData\Local\Microsoft\WindowsApps\python.exe
2025-12-14 11:47:00 [crond] Job started: python C:\Users\patri\OneDrive\Documents\Projects\Linuxify\test_cron.py
2025-12-14 11:48:00 [crond] Registry loaded: 30 interpreters
2025-12-14 11:48:00 [crond] Loaded 1 jobs from crontab
2025-12-14 11:48:00 [crond] Executing: python C:\Users\patri\OneDrive\Documents\Projects\Linuxify\test_cron.py
2025-12-14 11:48:00 [crond] Using interpreter: python -> C:\Users\patri\AppData\Local\Microsoft\WindowsApps\python.exe
2025-12-14 11:48:00 [crond] Job started: python C:\Users\patri\OneDrive\Documents\Projects\Linuxify\test_cron.py
2025-12-14 11:49:00 [crond] Registry loaded: 30 interpreters
2025-12-14 11:49:00 [crond] Loaded 1 jobs from crontab
2025-12-14 11:49:00 [crond] Executing: python C:\Users\patri\OneDrive\Documents\Projects\Linuxify\test_cron.py
2025-12-14 11:49:00 [crond] Using interpreter: python -> C:\Users\patri\AppData\Local\Microsoft\WindowsApps\python.exe
2025-12-14 11:49:00 [crond] Job started: python C:\Users\patri\OneDrive\Documents\Projects\Linuxify\test_cron.py
2025-12-14 11:50:00 [crond] Registry loaded: 30 interpreters
2025-12-14 11:50:00 [crond] Loaded 1 jobs from crontab
2025-12-14 11:50:00 [crond] Executing: python C:\Users\patri\OneDrive\Documents\Projects\Linuxify\test_cron.py
2025-12-14 11:50:00 [crond] Using interpreter: python -> C:\Users\patri\AppData\Local\Microsoft\WindowsApps\python.exe
2025-12-14 11:50:00 [crond] Job started: python C:\Users\patri\OneDrive\Documents\Projects\Linuxify\test_cron.py
2025-12-14 11:51:00 [crond] Registry loaded: 30 interpreters
2025-12-14 11:51:00 [crond] Loaded 1 jobs from crontab
2025-12-14 11:51:00 [crond] Executing: python C:\Users\patri\OneDrive\Documents\Projects\Linuxify\test_cron.py
2025-12-14 11:51:00 [crond] Using interpreter: python -> C:\Users\patri\AppData\Local\Microsoft\WindowsApps\python.exe
2025-12-14 11:51:00 [crond] Job started: python C:\Users\patri\OneDrive\Documents\Projects\Linuxify\test_cron.py
2025-12-14 11:52:00 [crond] Registry loaded: 30 interpreters
2025-12-14 11:52:00 [crond] Loaded 1 jobs from crontab
2025-12-14 11:52:00 [crond] Executing: python C:\Users\patri\OneDrive\Documents\Projects\Linuxify\test_cron.py
2025-12-14 11:52:00 [crond] Using interpreter: python -> C:\Users\patri\AppData\Local\Microsoft\WindowsApps\python.exe
2025-12-14 11:52:00 [crond] Job started: python C:\Users\patri\OneDrive\Documents\Projects\Linuxify\test_cron.py
2025-12-14 11:53:00 [crond] Registry loaded: 30 interpreters
2025-12-14 11:53:00 [crond] Loaded 1 jobs from crontab
2025-12-14 11:53:00 [crond] Executing: python C:\Users\patri\OneDrive\Documents\Projects\Linuxify\test_cron.py
2025-12-14 11:53:00 [crond] Using interpreter: python -> C:\Users\patri\AppData\Local\Microsoft\WindowsApps\python.exe
2025-12-14 11:53:00 [crond] Job started: python C:\Users\patri\OneDrive\Documents\Projects\Linuxify\test_cron.py
2025-12-14 11:54:00 [crond] Registry loaded: 30 interpreters
2025-12-14 11:54:00 [crond] Loaded 1 jobs from crontab
2025-12-14 11:54:00 [crond] Executing: python C:\Users\patri\OneDrive\Documents\Projects\Linuxify\test_cron.py
2025-12-14 11:54:00 [crond] Using interpreter: python -> C:\Users\patri\AppData\Local\Microsoft\WindowsApps\python.exe
2025-12-14 11:54:00 [crond] Job started: python C:\Users\patri\OneDrive\Documents\Projects\Linuxify\test_cron.py
2025-12-14 11:55:00 [crond] Registry loaded: 30 interpreters
2025-12-14 11:55:00 [crond] Loaded 1 jobs from crontab
2025-12-14 11:55:00 [crond] Executing: python C:\Users\patri\OneDrive\Documents\Projects\Linuxify\test_cron.py
2025-12-14 11:55:00 [crond] Using interpreter: python -> C:\Users\patri\AppData\Local\Microsoft\WindowsApps\python.exe
2025-12-14 11:55:00 [crond] Job started: python C:\Users\patri\OneDrive\Documents\Projects\Linuxify\test_cron.py
2025-12-14 11:56:00 [crond] Registry loaded: 30 interpreters
2025-12-14 11:56:00 [crond] Loaded 1 jobs from crontab
2025-12-14 11:56:00 [crond] Executing: python C:\Users\patri\OneDrive\Documents\Projects\Linuxify\test_cron.py
2025-12-14 11:56:00 [crond] Using interpreter: python -> C:\Users\patri\AppData\Local\Microsoft\WindowsApps\python.exe
2025-12-14 11:56:00 [crond] Job started: python C:\Users\patri\OneDrive\Documents\Projects\Linuxify\test_cron.py
2025-12-14 11:57:00 [crond] Registry loaded: 30 interpreters
2025-12-14 11:57:00 [crond] Loaded 1 jobs from crontab
2025-12-14 11:57:00 [crond] Executing: python C:\Users\patri\OneDrive\Documents\Projects\Linuxify\test_cron.py
2025-12-14 11:57:00 [crond] Using interpreter: python -> C:\Users\patri\AppData\Local\Microsoft\WindowsApps\python.exe
2025-12-14 11:57:00 [crond] Job started: python C:\Users\patri\OneDrive\Documents\Projects\Linuxify\test_cron.py
2025-12-14 11:58:00 [crond] Registry loaded: 30 interpreters
2025-12-14 11:58:00 [crond] Loaded 1 jobs from crontab
2025-12-14 11:58:00 [crond] Executing: python C:\Users\patri\OneDrive\Documents\Projects\Linuxify\test_cron.py
2025-12-14 11:58:00 [crond] Using interpreter: python -> C:\Users\patri\AppData\Local\Microsoft\WindowsApps\python.exe
2025-12-14 11:58:00 [crond] Job started: python C:\Users\patri\OneDrive\Documents\Projects\Linuxify\test_cron.py
2025-12-14 11:59:00 [crond] Registry loaded: 30 interpreters
2025-12-14 11:59:00 [crond] Loaded 1 jobs from crontab
2025-12-14 11:59:00 [crond] Executing: python C:\Users\patri\OneDrive\Documents\Projects\Linuxify\test_cron.py
2025-12-14 11:59:00 [crond] Using interpreter: python -> C:\Users\patri\AppData\Local\Microsoft\WindowsApps\python.exe
2025-12-14 11:59:00 [crond] Job started: python C:\Users\patri\OneDrive\Documents\Projects\Linuxify\test_cron.py
2025-12-14 12:00:00 [crond] Registry loaded: 30 interpreters
2025-12-14 12:00:00 [crond] Loaded 1 jobs from crontab
2025-12-14 12:00:00 [crond] Executing: python C:\Users\patri\OneDrive\Documents\Projects\Linuxify\test_cron.py
2025-12-14 12:00:00 [crond] Using interpreter: python -> C:\Users\patri\AppData\Local\Microsoft\WindowsApps\python.exe
2025-12-14 12:00:00 [crond] Job started: python C:\Users\patri\OneDrive\Documents\Projects\Linuxify\test_cron.py
2025-12-14 12:01:00 [crond] Registry loaded: 30 interpreters
2025-12-14 12:01:00 [crond] Loaded 1 jobs from crontab
2025-12-14 12:01:00 [crond] Executing: python C:\Users\patri\OneDrive\Documents\Projects\Linuxify\test_cron.py
2025-12-14 12:01:00 [crond] Using interpreter: python -> C:\Users\patri\AppData\Local\Microsoft\WindowsApps\python.exe
2025-12-14 12:01:00 [crond] Job started: python C:\Users\patri\OneDrive\Documents\Projects\Linuxify\test_cron.py
2025-12-14 12:02:00 [crond] Registry loaded: 30 interpreters
2025-12-14 12:02:00 [crond] Loaded 1 jobs from crontab
2025-12-14 12:02:00 [crond] Executing: python C:\Users\patri\OneDrive\Documents\Projects\Linuxify\test_cron.py
2025-12-14 12:02:00 [crond] Using interpreter: python -> C:\Users\patri\AppData\Local\Microsoft\WindowsApps\python.exe
2025-12-14 12:02:01 [crond] Job started: python C:\Users\patri\OneDrive\Documents\Projects\Linuxify\test_cron.py
2025-12-14 12:03:00 [crond] Registry loaded: 30 interpreters
2025-12-14 12:03:00 [crond] Loaded 1 jobs from crontab
2025-12-14 12:03:00 [crond] Executing: python C:\Users\patri\OneDrive\Documents\Projects\Linuxify\test_cron.py
2025-12-14 12:03:00 [crond] Using interpreter: python -> C:\Users\patri\AppData\Local\Microsoft\WindowsApps\python.exe
2025-12-14 12:03:00 [crond] Job started: python C:\Users\patri\OneDrive\Documents\Projects\Linuxify\test_cron.py
2025-12-14 12:04:00 [crond] Registry loaded: 30 interpreters
2025-12-14 12:04:00 [crond] Loaded 1 jobs from crontab
2025-12-14 12:04:00 [crond] Executing: python C:\Users\patri\OneDrive\Documents\Projects\Linuxify\test_cron.py
2025-12-14 12:04:00 [crond] Using interpreter: python -> C:\Users\patri\AppData\Local\Microsoft\WindowsApps\python.exe
2025-12-14 12:04:01 [crond] Job started: python C:\Users\patri\OneDrive\Documents\Projects\Linuxify\test_cron.py
2025-12-14 12:05:00 [crond] Registry loaded: 30 interpreters
2025-12-14 12:05:00 [crond] Loaded 1 jobs from crontab
2025-12-14 12:05:00 [crond] Executing: python C:\Users\patri\OneDrive\Documents\Projects\Linuxify\test_cron.py
2025-12-14 12:05:00 [crond] Using interpreter: python -> C:\Users\patri\AppData\Local\Microsoft\WindowsApps\python.exe
2025-12-14 12:05:00 [crond] Job started: python C:\Users\patri\OneDrive\Documents\Projects\Linuxify\test_cron.py
2025-12-14 12:06:00 [crond] Registry loaded: 30 interpreters
2025-12-14 12:06:00 [crond] Loaded 1 jobs from crontab
2025-12-14 12:06:00 [crond] Executing: python C:\Users\patri\OneDrive\Documents\Projects\Linuxify\test_cron.py
2025-12-14 12:06:00 [crond] Using interpreter: python -> C:\Users\patri\AppData\Local\Microsoft\WindowsApps\python.exe
2025-12-14 12:06:00 [crond] Job started: python C:\Users\patri\OneDrive\Documents\Projects\Linuxify\test_cron.py
2025-12-14 12:07:00 [crond] Registry loaded: 30 interpreters
2025-12-14 12:07:00 [crond] Loaded 1 jobs from crontab
2025-12-14 12:07:00 [crond] Executing: python C:\Users\patri\OneDrive\Documents\Projects\Linuxify\test_cron.py
2025-12-14 12:07:00 [crond] Using interpreter: python -> C:\Users\patri\AppData\Local\Microsoft\WindowsApps\python.exe
2025-12-14 12:07:00 [crond] Job started: python C:\Users\patri\OneDrive\Documents\Projects\Linuxify\test_cron.py
2025-12-14 12:08:00 [crond] Registry loaded: 30 interpreters
2025-12-14 12:08:00 [crond] Loaded 1 jobs from crontab
2025-12-14 12:08:00 [crond] Executing: python C:\Users\patri\OneDrive\Documents\Projects\Linuxify\test_cron.py
2025-12-14 12:08:00 [crond] Using interpreter: python -> C:\Users\patri\AppData\Local\Microsoft\WindowsApps\python.exe
2025-12-14 12:08:00 [crond] Job started: python C:\Users\patri\OneDrive\Documents\Projects\Linuxify\test_cron.py
2025-12-14 12:09:00 [crond] Registry loaded: 30 interpreters
2025-12-14 12:09:00 [crond] Loaded 1 jobs from crontab
2025-12-14 12:09:00 [crond] Executing: python C:\Users\patri\OneDrive\Documents\Projects\Linuxify\test_cron.py
2025-12-14 12:09:00 [crond] Using interpreter: python -> C:\Users\patri\AppData\Local\Microsoft\WindowsApps\python.exe
2025-12-14 12:09:00 [crond] Job started: python C:\Users\patri\OneDrive\Documents\Projects\Linuxify\test_cron.py
2025-12-14 12:10:00 [crond] Registry loaded: 30 interpreters
2025-12-14 12:10:00 [crond] Loaded 1 jobs from crontab
2025-12-14 12:10:00 [crond] Executing: python C:\Users\patri\OneDrive\Documents\Projects\Linuxify\test_cron.py
2025-12-14 12:10:00 [crond] Using interpreter: python -> C:\Users\patri\AppData\Local\Microsoft\WindowsApps\python.exe
2025-12-14 12:10:00 [crond] Job started: python C:\Users\patri\OneDrive\Documents\Projects\Linuxify\test_cron.py
2025-12-14 12:11:00 [crond] Registry loaded: 30 interpreters
2025-12-14 12:11:00 [crond] Loaded 1 jobs from crontab
2025-12-14 12:11:00 [crond] Executing: python C:\Users\patri\OneDrive\Documents\Projects\Linuxify\test_cron.py
2025-12-14 12:11:00 [crond] Using interpreter: python -> C:\Users\patri\AppData\Local\Microsoft\WindowsApps\python.exe
2025-12-14 12:11:01 [crond] Job started: python C:\Users\patri\OneDrive\Documents\Projects\Linuxify\test_cron.py
2025-12-14 12:12:00 [crond] Registry loaded: 30 interpreters
2025-12-14 12:12:00 [crond] Loaded 1 jobs from crontab
2025-12-14 12:12:00 [crond] Executing: python C:\Users\patri\OneDrive\Documents\Projects\Linuxify\test_cron.py
2025-12-14 12:12:00 [crond] Using interpreter: python -> C:\Users\patri\AppData\Local\Microsoft\WindowsApps\python.exe
2025-12-14 12:12:00 [crond] Job started: python C:\Users\patri\OneDrive\Documents\Projects\Linuxify\test_cron.py
2025-12-14 12:13:00 [crond] Registry loaded: 30 interpreters
2025-12-14 12:13:00 [crond] Loaded 1 jobs from crontab
2025-12-14 12:13:00 [crond] Executing: python C:\Users\patri\OneDrive\Documents\Projects\Linuxify\test_cron.py
2025-12-14 12:13:00 [crond] Using interpreter: python -> C:\Users\patri\AppData\Local\Microsoft\WindowsApps\python.exe
2025-12-14 12:13:00 [crond] Job started: python C:\Users\patri\OneDrive\Documents\Projects\Linuxify\test_cron.py
2025-12-14 12:14:00 [crond] Registry loaded: 30 interpreters
2025-12-14 12:14:00 [crond] Loaded 1 jobs from crontab
2025-12-14 12:14:00 [crond] Executing: python C:\Users\patri\OneDrive\Documents\Projects\Linuxify\test_cron.py
2025-12-14 12:14:00 [crond] Using interpreter: python -> C:\Users\patri\AppData\Local\Microsoft\WindowsApps\python.exe
2025-12-14 12:14:00 [crond] Job started: python C:\Users\patri\OneDrive\Documents\Projects\Linuxify\test_cron.py
2025-12-14 12:15:00 [crond] Registry loaded: 30 interpreters
2025-12-14 12:15:00 [crond] Loaded 1 jobs from crontab
2025-12-14 12:15:00 [crond] Executing: python C:\Users\patri\OneDrive\Documents\Projects\Linuxify\test_cron.py
2025-12-14 12:15:00 [crond] Using interpreter: python -> C:\Users\patri\AppData\Local\Microsoft\WindowsApps\python.exe
2025-12-14 12:15:00 [crond] Job started: python C:\Users\patri\OneDrive\Documents\Projects\Linuxify\test_cron.py
2025-12-14 12:16:00 [crond] Registry loaded: 30 interpreters
2025-12-14 12:16:00 [crond] Loaded 1 jobs from crontab
2025-12-14 12:16:00 [crond] Executing: python C:\Users\patri\OneDrive\Documents\Projects\Linuxify\test_cron.py
2025-12-14 12:16:00 [crond] Using interpreter: python -> C:\Users\patri\AppData\Local\Microsoft\WindowsApps\python.exe
2025-12-14 12:16:00 [crond] Job started: python C:\Users\patri\OneDrive\Documents\Projects\Linuxify\test_cron.py
2025-12-14 12:17:00 [crond] Registry loaded: 30 interpreters
2025-12-14 12:17:00 [crond] Loaded 1 jobs from crontab
2025-12-14 12:17:00 [crond] Executing: python C:\Users\patri\OneDrive\Documents\Projects\Linuxify\test_cron.py
2025-12-14 12:17:00 [crond] Using interpreter: python -> C:\Users\patri\AppData\Local\Microsoft\WindowsApps\python.exe
2025-12-14 12:17:00 [crond] Job started: python C:\Users\patri\OneDrive\Documents\Projects\Linuxify\test_cron.py
2025-12-14 12:18:00 [crond] Registry loaded: 30 interpreters
2025-12-14 12:18:00 [crond] Loaded 1 jobs from crontab
2025-12-14 12:18:00 [crond] Executing: python C:\Users\patri\OneDrive\Documents\Projects\Linuxify\test_cron.py
2025-12-14 12:18:00 [crond] Using interpreter: python -> C:\Users\patri\AppData\Local\Microsoft\WindowsApps\python.exe
2025-12-14 12:18:00 [crond] Job started: python C:\Users\patri\OneDrive\Documents\Projects\Linuxify\test_cron.py
2025-12-14 12:19:00 [crond] Registry loaded: 30 interpreters
2025-12-14 12:19:00 [crond] Loaded 1 jobs from crontab
2025-12-14 12:19:00 [crond] Executing: python C:\Users\patri\OneDrive\Documents\Projects\Linuxify\test_cron.py
2025-12-14 12:19:00 [crond] Using interpreter: python -> C:\Users\patri\AppData\Local\Microsoft\WindowsApps\python.exe
2025-12-14 12:19:00 [crond] Job started: python C:\Users\patri\OneDrive\Documents\Projects\Linuxify\test_cron.py
2025-12-14 12:20:00 [crond] Registry loaded: 30 interpreters
2025-12-14 12:20:00 [crond] Loaded 1 jobs from crontab
2025-12-14 12:20:00 [crond] Executing: python C:\Users\patri\OneDrive\Documents\Projects\Linuxify\test_cron.py
2025-12-14 12:20:00 [crond] Using interpreter: python -> C:\Users\patri\AppData\Local\Microsoft\WindowsApps\python.exe
2025-12-14 12:20:00 [crond] Job started: python C:\Users\patri\OneDrive\Documents\Projects\Linuxify\test_cron.py
2025-12-14 12:21:00 [crond] Registry loaded: 30 interpreters
2025-12-14 12:21:00 [crond] Loaded 1 jobs from crontab
2025-12-14 12:21:00 [crond] Executing: python C:\Users\patri\OneDrive\Documents\Projects\Linuxify\test_cron.py
2025-12-14 12:21:00 [crond] Using interpreter: python -> C:\Users\patri\AppData\Local\Microsoft\WindowsApps\python.exe
2025-12-14 12:21:00 [crond] Job started: python C:\Users\patri\OneDrive\Documents\Projects\Linuxify\test_cron.py
2025-12-14 12:22:00 [crond] Registry loaded: 30 interpreters
2025-12-14 12:22:00 [crond] Loaded 1 jobs from crontab
2025-12-14 12:22:00 [crond] Executing: python C:\Users\patri\OneDrive\Documents\Projects\Linuxify\test_cron.py
2025-12-14 12:22:00 [crond] Using interpreter: python -> C:\Users\patri\AppData\Local\Microsoft\WindowsApps\python.exe
2025-12-14 12:22:00 [crond] Job started: python C:\Users\patri\OneDrive\Documents\Projects\Linuxify\test_cron.py
2025-12-14 12:23:00 [crond] Registry loaded: 30 interpreters
2025-12-14 12:23:00 [crond] Loaded 1 jobs from crontab
2025-12-14 12:23:00 [crond] Executing: python C:\Users\patri\OneDrive\Documents\Projects\Linuxify\test_cron.py
2025-12-14 12:23:00 [crond] Using interpreter: python -> C:\Users\patri\AppData\Local\Microsoft\WindowsApps\python.exe
2025-12-14 12:23:00 [crond] Job started: python C:\Users\patri\OneDrive\Documents\Projects\Linuxify\test_cron.py
2025-12-14 12:32:23 [crond] Registry loaded: 30 interpreters
2025-12-14 12:32:23 [crond] Loaded 1 jobs from crontab
2025-12-14 12:32:23 [crond] Executing: python C:\Users\patri\OneDrive\Documents\Projects\Linuxify\test_cron.py
2025-12-14 12:32:23 [crond] Using interpreter: python -> C:\Users\patri\AppData\Local\Microsoft\WindowsApps\python.exe
2025-12-14 12:32:24 [crond] Job started: python C:\Users\patri\OneDrive\Documents\Projects\Linuxify\test_cron.py
2025-12-14 12:33:00 [crond] Registry loaded: 30 interpreters
2025-12-14 12:33:00 [crond] Loaded 1 jobs from crontab
2025-12-14 12:33:00 [crond] Executing: python C:\Users\patri\OneDrive\Documents\Projects\Linuxify\test_cron.py
2025-12-14 12:33:00 [crond] Using interpreter: python -> C:\Users\patri\AppData\Local\Microsoft\WindowsApps\python.exe
2025-12-14 12:33:00 [crond] Job started: python C:\Users\patri\OneDrive\Documents\Projects\Linuxify\test_cron.py
2025-12-14 12:34:00 [crond] Registry loaded: 30 interpreters
2025-12-14 12:34:00 [crond] Loaded 1 jobs from crontab
2025-12-14 12:34:00 [crond] Executing: python C:\Users\patri\OneDrive\Documents\Projects\Linuxify\test_cron.py
2025-12-14 12:34:00 [crond] Using interpreter: python -> C:\Users\patri\AppData\Local\Microsoft\WindowsApps\python.exe
2025-12-14 12:34:00 [crond] Job started: python C:\Users\patri\OneDrive\Documents\Projects\Linuxify\test_cron.py
2025-12-14 12:35:00 [crond] Registry loaded: 30 interpreters
2025-12-14 12:35:00 [crond] Loaded 1 jobs from crontab
2025-12-14 12:35:00 [crond] Executing: python C:\Users\patri\OneDrive\Documents\Projects\Linuxify\test_cron.py
2025-12-14 12:35:00 [crond] Using interpreter: python -> C:\Users\patri\AppData\Local\Microsoft\WindowsApps\python.exe
2025-12-14 12:35:01 [crond] Job started: python C:\Users\patri\OneDrive\Documents\Projects\Linuxify\test_cron.py
2025-12-14 12:36:00 [crond] Registry loaded: 30 interpreters
2025-12-14 12:36:00 [crond] Loaded 1 jobs from crontab
2025-12-14 12:36:00 [crond] Executing: python C:\Users\patri\OneDrive\Documents\Projects\Linuxify\test_cron.py
2025-12-14 12:36:00 [crond] Using interpreter: python -> C:\Users\patri\AppData\Local\Microsoft\WindowsApps\python.exe
2025-12-14 12:36:00 [crond] Job started: python C:\Users\patri\OneDrive\Documents\Projects\Linuxify\test_cron.py
2025-12-14 12:37:00 [crond] Registry loaded: 30 interpreters
2025-12-14 12:37:00 [crond] Loaded 1 jobs from crontab
2025-12-14 12:37:00 [crond] Executing: python C:\Users\patri\OneDrive\Documents\Projects\Linuxify\test_cron.py
2025-12-14 12:37:00 [crond] Using interpreter: python -> C:\Users\patri\AppData\Local\Microsoft\WindowsApps\python.exe
2025-12-14 12:37:01 [crond] Job started: python C:\Users\patri\OneDrive\Documents\Projects\Linuxify\test_cron.py
2025-12-14 12:38:00 [crond] Registry loaded: 30 interpreters
2025-12-14 12:38:00 [crond] Loaded 1 jobs from crontab
2025-12-14 12:38:00 [crond] Executing: python C:\Users\patri\OneDrive\Documents\Projects\Linuxify\test_cron.py
2025-12-14 12:38:00 [crond] Using interpreter: python -> C:\Users\patri\AppData\Local\Microsoft\WindowsApps\python.exe
2025-12-14 12:38:00 [crond] Job started: python C:\Users\patri\OneDrive\Documents\Projects\Linuxify\test_cron.py
2025-12-14 12:39:00 [crond] Registry loaded: 30 interpreters
2025-12-14 12:39:00 [crond] Loaded 1 jobs from crontab
2025-12-14 12:39:00 [crond] Executing: python C:\Users\patri\OneDrive\Documents\Projects\Linuxify\test_cron.py
2025-12-14 12:39:00 [crond] Using interpreter: python -> C:\Users\patri\AppData\Local\Microsoft\WindowsApps\python.exe
2025-12-14 12:39:00 [crond] Job started: python C:\Users\patri\OneDrive\Documents\Projects\Linuxify\test_cron.py
2025-12-14 12:40:00 [crond] Registry loaded: 30 interpreters
2025-12-14 12:40:00 [crond] Loaded 1 jobs from crontab
2025-12-14 12:40:00 [crond] Executing: python C:\Users\patri\OneDrive\Documents\Projects\Linuxify\test_cron.py
2025-12-14 12:40:00 [crond] Using interpreter: python -> C:\Users\patri\AppData\Local\Microsoft\WindowsApps\python.exe
2025-12-14 12:40:00 [crond] Job started: python C:\Users\patri\OneDrive\Documents\Projects\Linuxify\test_cron.py
2025-12-14 12:41:00 [crond] Registry loaded: 30 interpreters
2025-12-14 12:41:00 [crond] Loaded 1 jobs from crontab
2025-12-14 12:41:00 [crond] Executing: python C:\Users\patri\OneDrive\Documents\Projects\Linuxify\test_cron.py
2025-12-14 12:41:00 [crond] Using interpreter: python -> C:\Users\patri\AppData\Local\Microsoft\WindowsApps\python.exe
2025-12-14 12:41:00 [crond] Job started: python C:\Users\patri\OneDrive\Documents\Projects\Linuxify\test_cron.py
2025-12-14 12:42:00 [crond] Registry loaded: 30 interpreters
2025-12-14 12:42:00 [crond] Loaded 1 jobs from crontab
2025-12-14 12:42:00 [crond] Executing: python C:\Users\patri\OneDrive\Documents\Projects\Linuxify\test_cron.py
2025-12-14 12:42:00 [crond] Using interpreter: python -> C:\Users\patri\AppData\Local\Microsoft\WindowsApps\python.exe
2025-12-14 12:42:00 [crond] Job started: python C:\Users\patri\OneDrive\Documents\Projects\Linuxify\test_cron.py
2025-12-14 12:43:00 [crond] Registry loaded: 30 interpreters
2025-12-14 12:43:00 [crond] Loaded 1 jobs from crontab
2025-12-14 12:43:00 [crond] Executing: python C:\Users\patri\OneDrive\Documents\Projects\Linuxify\test_cron.py
2025-12-14 12:43:00 [crond] Using interpreter: python -> C:\Users\patri\AppData\Local\Microsoft\WindowsApps\python.exe
2025-12-14 12:43:00 [crond] Job started: python C:\Users\patri\OneDrive\Documents\Projects\Linuxify\test_cron.py
2025-12-14 12:44:00 [crond] Registry loaded: 30 interpreters
2025-12-14 12:44:00 [crond] Loaded 1 jobs from crontab
2025-12-14 12:44:00 [crond] Executing: python C:\Users\patri\OneDrive\Documents\Projects\Linuxify\test_cron.py
2025-12-14 12:44:00 [crond] Using interpreter: python -> C:\Users\patri\AppData\Local\Microsoft\WindowsApps\python.exe
2025-12-14 12:44:00 [crond] Job started: python C:\Users\patri\OneDrive\Documents\Projects\Linuxify\test_cron.py
2025-12-14 12:45:00 [crond] Registry loaded: 30 interpreters
2025-12-14 12:45:00 [crond] Loaded 1 jobs from crontab
2025-12-14 12:45:00 [crond] Executing: python C:\Users\patri\OneDrive\Documents\Projects\Linuxify\test_cron.py
2025-12-14 12:45:00 [crond] Using interpreter: python -> C:\Users\patri\AppData\Local\Microsoft\WindowsApps\python.exe
2025-12-14 12:45:00 [crond] Job started: python C:\Users\patri\OneDrive\Documents\Projects\Linuxify\test_cron.py
2025-12-14 12:46:00 [crond] Registry loaded: 30 interpreters
2025-12-14 12:46:00 [crond] Loaded 1 jobs from crontab
2025-12-14 12:46:00 [crond] Executing: python C:\Users\patri\OneDrive\Documents\Projects\Linuxify\test_cron.py
2025-12-14 12:46:00 [crond] Using interpreter: python -> C:\Users\patri\AppData\Local\Microsoft\WindowsApps\python.exe
2025-12-14 12:46:00 [crond] Job started: python C:\Users\patri\OneDrive\Documents\Projects\Linuxify\test_cron.py
2025-12-14 12:47:00 [crond] Registry loaded: 30 interpreters
2025-12-14 12:47:00 [crond] Loaded 1 jobs from crontab
2025-12-14 12:47:00 [crond] Executing: python C:\Users\patri\OneDrive\Documents\Projects\Linuxify\test_cron.py
2025-12-14 12:47:00 [crond] Using interpreter: python -> C:\Users\patri\AppData\Local\Microsoft\WindowsApps\python.exe
2025-12-14 12:47:00 [crond] Job started: python C:\Users\patri\OneDrive\Documents\Projects\Linuxify\test_cron.py
2025-12-14 12:48:00 [crond] Registry loaded: 30 interpreters
2025-12-14 12:48:00 [crond] Loaded 1 jobs from crontab
2025-12-14 12:48:00 [crond] Executing: python C:\Users\patri\OneDrive\Documents\Projects\Linuxify\test_cron.py
2025-12-14 12:48:00 [crond] Using interpreter: python -> C:\Users\patri\AppData\Local\Microsoft\WindowsApps\python.exe
2025-12-14 12:48:00 [crond] Job started: python C:\Users\patri\OneDrive\Documents\Projects\Linuxify\test_cron.py
2025-12-14 12:49:00 [crond] Registry loaded: 30 interpreters
2025-12-14 12:49:00 [crond] Loaded 1 jobs from crontab
2025-12-14 12:49:00 [crond] Executing: python C:\Users\patri\OneDrive\Documents\Projects\Linuxify\test_cron.py
2025-12-14 12:49:00 [crond] Using interpreter: python -> C:\Users\patri\AppData\Local\Microsoft\WindowsApps\python.exe
2025-12-14 12:49:00 [crond] Job started: python C:\Users\patri\OneDrive\Documents\Projects\Linuxify\test_cron.py
2025-12-14 12:50:00 [crond] Registry loaded: 30 interpreters
2025-12-14 12:50:00 [crond] Loaded 1 jobs from crontab
2025-12-14 12:50:00 [crond] Executing: python C:\Users\patri\OneDrive\Documents\Projects\Linuxify\test_cron.py
2025-12-14 12:50:00 [crond] Using interpreter: python -> C:\Users\patri\AppData\Local\Microsoft\WindowsApps\python.exe
2025-12-14 12:50:01 [crond] Job started: python C:\Users\patri\OneDrive\Documents\Projects\Linuxify\test_cron.py
2025-12-14 12:51:00 [crond] Registry loaded: 30 interpreters
2025-12-14 12:51:00 [crond] Loaded 1 jobs from crontab
2025-12-14 12:51:00 [crond] Executing: python C:\Users\patri\OneDrive\Documents\Projects\Linuxify\test_cron.py
2025-12-14 12:51:00 [crond] Using interpreter: python -> C:\Users\patri\AppData\Local\Microsoft\WindowsApps\python.exe
2025-12-14 12:51:00 [crond] Job started: python C:\Users\patri\OneDrive\Documents\Projects\Linuxify\test_cron.py
2025-12-14 12:52:00 [crond] Registry loaded: 30 interpreters
2025-12-14 12:52:00 [crond] Loaded 1 jobs from crontab
2025-12-14 12:52:00 [crond] Executing: python C:\Users\patri\OneDrive\Documents\Projects\Linuxify\test_cron.py
2025-12-14 12:52:00 [crond] Using interpreter: python -> C:\Users\patri\AppData\Local\Microsoft\WindowsApps\python.exe
2025-12-14 12:52:00 [crond] Job started: python C:\Users\patri\OneDrive\Documents\Projects\Linuxify\test_cron.py
2025-12-14 12:53:00 [crond] Registry loaded: 30 interpreters
2025-12-14 12:53:00 [crond] Loaded 1 jobs from crontab
2025-12-14 12:53:00 [crond] Executing: python C:\Users\patri\OneDrive\Documents\Projects\Linuxify\test_cron.py
2025-12-14 12:53:00 [crond] Using interpreter: python -> C:\Users\patri\AppData\Local\Microsoft\WindowsApps\python.exe
2025-12-14 12:53:00 [crond] Job started: python C:\Users\patri\OneDrive\Documents\Projects\Linuxify\test_cron.py
2025-12-14 12:54:00 [crond] Registry loaded: 30 interpreters
2025-12-14 12:54:00 [crond] Loaded 1 jobs from crontab
2025-12-14 12:54:00 [crond] Executing: python C:\Users\patri\OneDrive\Documents\Projects\Linuxify\test_cron.py
2025-12-14 12:54:00 [crond] Using interpreter: python -> C:\Users\patri\AppData\Local\Microsoft\WindowsApps\python.exe
2025-12-14 12:54:00 [crond] Job started: python C:\Users\patri\OneDrive\Documents\Projects\Linuxify\test_cron.py
2025-12-14 12:55:00 [crond] Registry loaded: 30 interpreters
2025-12-14 12:55:00 [crond] Loaded 1 jobs from crontab
2025-12-14 12:55:00 [crond] Executing: python C:\Users\patri\OneDrive\Documents\Projects\Linuxify\test_cron.py
2025-12-14 12:55:00 [crond] Using interpreter: python -> C:\Users\patri\AppData\Local\Microsoft\WindowsApps\python.exe
2025-12-14 12:55:00 [crond] Job started: python C:\Users\patri\OneDrive\Documents\Projects\Linuxify\test_cron.py
2025-12-14 12:56:00 [crond] Registry loaded: 30 interpreters
2025-12-14 12:56:00 [crond] Loaded 1 jobs from crontab
2025-12-14 12:56:00 [crond] Executing: python C:\Users\patri\OneDrive\Documents\Projects\Linuxify\test_cron.py
2025-12-14 12:56:00 [crond] Using interpreter: python -> C:\Users\patri\AppData\Local\Microsoft\WindowsApps\python.exe
2025-12-14 12:56:00 [crond] Job started: python C:\Users\patri\OneDrive\Documents\Projects\Linuxify\test_cron.py
2025-12-14 12:57:00 [crond] Registry loaded: 30 interpreters
2025-12-14 12:57:00 [crond] Loaded 1 jobs from crontab
2025-12-14 12:57:00 [crond] Executing: python C:\Users\patri\OneDrive\Documents\Projects\Linuxify\test_cron.py
2025-12-14 12:57:00 [crond] Using interpreter: python -> C:\Users\patri\AppData\Local\Microsoft\WindowsApps\python.exe
2025-12-14 12:57:00 [crond] Job started: python C:\Users\patri\OneDrive\Documents\Projects\Linuxify\test_cron.py
2025-12-14 12:58:00 [crond] Registry loaded: 30 interpreters
2025-12-14 12:58:00 [crond] Loaded 1 jobs from crontab
2025-12-14 12:58:00 [crond] Executing: python C:\Users\patri\OneDrive\Documents\Projects\Linuxify\test_cron.py
2025-12-14 12:58:00 [crond] Using interpreter: python -> C:\Users\patri\AppData\Local\Microsoft\WindowsApps\python.exe
2025-12-14 12:58:00 [crond] Job started: python C:\Users\patri\OneDrive\Documents\Projects\Linuxify\test_cron.py
2025-12-14 12:59:00 [crond] Registry loaded: 30 interpreters
2025-12-14 12:59:00 [crond] Loaded 1 jobs from crontab
2025-12-14 12:59:00 [crond] Executing: python C:\Users\patri\OneDrive\Documents\Projects\Linuxify\test_cron.py
2025-12-14 12:59:00 [crond] Using interpreter: python -> C:\Users\patri\AppData\Local\Microsoft\WindowsApps\python.exe
2025-12-14 12:59:01 [crond] Job started: python C:\Users\patri\OneDrive\Documents\Projects\Linuxify\test_cron.py
2025-12-14 13:00:00 [crond] Registry loaded: 30 interpreters
2025-12-14 13:00:00 [crond] Loaded 1 jobs from crontab
2025-12-14 13:00:00 [crond] Executing: python C:\Users\patri\OneDrive\Documents\Projects\Linuxify\test_cron.py
2025-12-14 13:00:00 [crond] Using interpreter: python -> C:\Users\patri\AppData\Local\Microsoft\WindowsApps\python.exe
2025-12-14 13:00:00 [crond] Job started: python C:\Users\patri\OneDrive\Documents\Projects\Linuxify\test_cron.py
2025-12-14 13:01:01 [crond] Registry loaded: 30 interpreters
2025-12-14 13:01:01 [crond] Loaded 1 jobs from crontab
2025-12-14 13:01:01 [crond] Executing: python C:\Users\patri\OneDrive\Documents\Projects\Linuxify\test_cron.py
2025-12-14 13:01:01 [crond] Using interpreter: python -> C:\Users\patri\AppData\Local\Microsoft\WindowsApps\python.exe
2025-12-14 13:01:01 [crond] Job started: python C:\Users\patri\OneDrive\Documents\Projects\Linuxify\test_cron.py
2025-12-14 13:01:40 [crond] Loaded 0 jobs from crontab
2025-12-14 13:02:00 [crond] Registry loaded: 30 interpreters
2025-12-14 13:02:00 [crond] Loaded 0 jobs from crontab
2025-12-14 13:03:00 [crond] Registry loaded: 30 interpreters
2025-12-14 13:03:00 [crond] Loaded 0 jobs from crontab
2025-12-14 13:04:00 [crond] Registry loaded: 30 interpreters
2025-12-14 13:04:00 [crond] Loaded 0 jobs from crontab
2025-12-14 13:05:00 [crond] Registry loaded: 30 interpreters
2025-12-14 13:05:00 [crond] Loaded 0 jobs from crontab
2025-12-14 13:06:00 [crond] Registry loaded: 30 interpreters
2025-12-14 13:06:00 [crond] Loaded 0 jobs from crontab
2025-12-14 13:07:00 [crond] Registry loaded: 30 interpreters
2025-12-14 13:07:00 [crond] Loaded 0 jobs from crontab
2025-12-14 13:08:00 [crond] Registry loaded: 30 interpreters
2025-12-14 13:08:00 [crond] Loaded 0 jobs from crontab
2025-12-14 13:09:00 [crond] Registry loaded: 30 interpreters
2025-12-14 13:09:00 [crond] Loaded 0 jobs from crontab
2025-12-14 13:10:00 [crond] Registry loaded: 30 interpreters
2025-12-14 13:10:00 [crond] Loaded 0 jobs from crontab
2025-12-14 13:11:00 [crond] Registry loaded: 30 interpreters
2025-12-14 13:11:00 [crond] Loaded 0 jobs from crontab
2025-12-14 13:12:00 [crond] Registry loaded: 30 interpreters
2025-12-14 13:12:00 [crond] Loaded 0 jobs from crontab
2025-12-14 13:13:00 [crond] Registry loaded: 30 interpreters
2025-12-14 13:13:00 [crond] Loaded 0 jobs from crontab
2025-12-14 13:14:00 [crond] Registry loaded: 30 interpreters
2025-12-14 13:14:00 [crond] Loaded 0 jobs from crontab
2025-12-14 13:15:00 [crond] Registry loaded: 30 interpreters
2025-12-14 13:15:00 [crond] Loaded 0 jobs from crontab
2025-12-14 13:16:00 [crond] Registry loaded: 30 interpreters
2025-12-14 13:16:00 [crond] Loaded 0 jobs from crontab
2025-12-14 13:17:00 [crond] Registry loaded: 30 interpreters
2025-12-14 13:17:00 [crond] Loaded 0 jobs from crontab
2025-12-14 13:18:00 [crond] Registry loaded: 30 interpreters
2025-12-14 13:18:00 [crond] Loaded 0 jobs from crontab
2025-12-14 13:19:00 [crond] Registry loaded: 30 interpreters
2025-12-14 13:19:00 [crond] Loaded 0 jobs from crontab
2025-12-14 13:20:00 [crond] Registry loaded: 30 interpreters
2025-12-14 13:20:00 [crond] Loaded 0 jobs from crontab
2025-12-14 13:21:00 [crond] Registry loaded: 30 interpreters
2025-12-14 13:21:00 [crond] Loaded 0 jobs from crontab
2025-12-14 13:22:00 [crond] Registry loaded: 30 interpreters
2025-12-14 13:22:00 [crond] Loaded 0 jobs from crontab
2025-12-14 13:23:00 [crond] Registry loaded: 30 interpreters
2025-12-14 13:23:00 [crond] Loaded 0 jobs from crontab
2025-12-14 13:24:00 [crond] Registry loaded: 30 interpreters
2025-12-14 13:24:00 [crond] Loaded 0 jobs from crontab
2025-12-14 13:25:00 [crond] Registry loaded: 30 interpreters
2025-12-14 13:25:00 [crond] Loaded 0 jobs from crontab
2025-12-14 13:26:00 [crond] Registry loaded: 30 interpreters
2025-12-14 13:26:00 [crond] Loaded 0 jobs from crontab
2025-12-14 13:27:00 [crond] Registry loaded: 30 interpreters
2025-12-14 13:27:00 [crond] Loaded 0 jobs from crontab
2025-12-14 13:28:01 [crond] Registry loaded: 30 interpreters
2025-12-14 13:28:01 [crond] Loaded 0 jobs from crontab
2025-12-14 13:29:00 [crond] Registry loaded: 30 interpreters
2025-12-14 13:29:00 [crond] Loaded 0 jobs from crontab
2025-12-14 13:30:00 [crond] Registry loaded: 30 interpreters
2025-12-14 13:30:00 [crond] Loaded 0 jobs from crontab
2025-12-14 13:31:00 [crond] Registry loaded: 30 interpreters
2025-12-14 13:31:00 [crond] Loaded 0 jobs from crontab
2025-12-14 13:32:00 [crond] Registry loaded: 30 interpreters
2025-12-14 13:32:00 [crond] Loaded 0 jobs from crontab
2025-12-14 13:33:00 [crond] Registry loaded: 30 interpreters
2025-12-14 13:33:00 [crond] Loaded 0 jobs from crontab
2025-12-14 13:34:01 [crond] Registry loaded: 30 interpreters
2025-12-14 13:34:01 [crond] Loaded 0 jobs from crontab
2025-12-14 13:35:00 [crond] Registry loaded: 30 interpreters
2025-12-14 13:35:00 [crond] Loaded 0 jobs from crontab
2025-12-14 13:36:00 [crond] Registry loaded: 30 interpreters
2025-12-14 13:36:00 [crond] Loaded 0 jobs from crontab
2025-12-14 13:37:00 [crond] Registry loaded: 30 interpreters
2025-12-14 13:37:00 [crond] Loaded 0 jobs from crontab
2025-12-14 13:38:00 [crond] Registry loaded: 30 interpreters
2025-12-14 13:38:00 [crond] Loaded 0 jobs from crontab
2025-12-14 13:39:00 [crond] Registry loaded: 30 interpreters
2025-12-14 13:39:00 [crond] Loaded 0 jobs from crontab
2025-12-14 13:40:00 [crond] Registry loaded: 30 interpreters
2025-12-14 13:40:00 [crond] Loaded 0 jobs from crontab
2025-12-14 13:41:00 [crond] Registry loaded: 30 interpreters
2025-12-14 13:41:00 [crond] Loaded 0 jobs from crontab
2025-12-14 13:42:00 [crond] Registry loaded: 30 interpreters
2025-12-14 13:42:00 [crond] Loaded 0 jobs from crontab
2025-12-14 13:43:00 [crond] Registry loaded: 30 interpreters
2025-12-14 13:43:00 [crond] Loaded 0 jobs from crontab
2025-12-14 13:44:00 [crond] Registry loaded: 30 interpreters
2025-12-14 13:44:00 [crond] Loaded 0 jobs from crontab
2025-12-14 13:45:00 [crond] Registry loaded: 30 interpreters
2025-12-14 13:45:00 [crond] Loaded 0 jobs from crontab
2025-12-14 13:46:00 [crond] Registry loaded: 30 interpreters
2025-12-14 13:46:00 [crond] Loaded 0 jobs from crontab
2025-12-14 13:47:00 [crond] Registry loaded: 30 interpreters
2025-12-14 13:47:00 [crond] Loaded 0 jobs from crontab
2025-12-14 13:48:00 [crond] Registry loaded: 30 interpreters
2025-12-14 13:48:00 [crond] Loaded 0 jobs from crontab
2025-12-14 13:49:00 [crond] Registry loaded: 30 interpreters
2025-12-14 13:49:00 [crond] Loaded 0 jobs from crontab
2025-12-14 13:50:00 [crond] Registry loaded: 30 interpreters
2025-12-14 13:50:00 [crond] Loaded 0 jobs from crontab
2025-12-14 13:51:00 [crond] Registry loaded: 30 interpreters
2025-12-14 13:51:00 [crond] Loaded 0 jobs from crontab
2025-12-14 13:52:00 [crond] Registry loaded: 30 interpreters
2025-12-14 13:52:00 [crond] Loaded 0 jobs from crontab
2025-12-14 13:53:00 [crond] Registry loaded: 30 interpreters
2025-12-14 13:53:00 [crond] Loaded 0 jobs from crontab
2025-12-14 13:54:00 [crond] Registry loaded: 30 interpreters
2025-12-14 13:54:00 [crond] Loaded 0 jobs from crontab
2025-12-14 13:55:00 [crond] Registry loaded: 30 interpreters
2025-12-14 13:55:00 [crond] Loaded 0 jobs from crontab
2025-12-14 13:56:00 [crond] Registry loaded: 30 interpreters
2025-12-14 13:56:00 [crond] Loaded 0 jobs from crontab
2025-12-14 13:57:00 [crond] Registry loaded: 30 interpreters
2025-12-14 13:57:00 [crond] Loaded 0 jobs from crontab
2025-12-14 13:58:00 [crond] Registry loaded: 30 interpreters
2025-12-14 13:58:00 [crond] Loaded 0 jobs from crontab
2025-12-14 13:59:00 [crond] Registry loaded: 30 interpreters
2025-12-14 13:59:00 [crond] Loaded 0 jobs from crontab
2025-12-14 14:00:00 [crond] Registry loaded: 30 interpreters
2025-12-14 14:00:00 [crond] Loaded 0 jobs from crontab
2025-12-14 14:01:00 [crond] Registry loaded: 30 interpreters
2025-12-14 14:01:00 [crond] Loaded 0 jobs from crontab
2025-12-14 14:02:00 [crond] Registry loaded: 30 interpreters
2025-12-14 14:02:00 [crond] Loaded 0 jobs from crontab
2025-12-14 14:03:00 [crond] Registry loaded: 30 interpreters
2025-12-14 14:03:00 [crond] Loaded 0 jobs from crontab
2025-12-14 14:04:01 [crond] Registry loaded: 30 interpreters
2025-12-14 14:04:01 [crond] Loaded 0 jobs from crontab
2025-12-14 14:05:00 [crond] Registry loaded: 30 interpreters
2025-12-14 14:05:00 [crond] Loaded 0 jobs from crontab
2025-12-14 14:06:00 [crond] Registry loaded: 30 interpreters
2025-12-14 14:06:00 [crond] Loaded 0 jobs from crontab
2025-12-14 14:07:00 [crond] Registry loaded: 30 interpreters
2025-12-14 14:07:00 [crond] Loaded 0 jobs from crontab
2025-12-14 14:08:00 [crond] Registry loaded: 30 interpreters
2025-12-14 14:08:00 [crond] Loaded 0 jobs from crontab
2025-12-14 14:09:00 [crond] Registry loaded: 30 interpreters
2025-12-14 14:09:00 [crond] Loaded 0 jobs from crontab
2025-12-14 14:24:48 [crond] Registry loaded: 30 interpreters
2025-12-14 14:24:48 [crond] Loaded 0 jobs from crontab
2025-12-14 14:25:00 [crond] Registry loaded: 30 interpreters
2025-12-14 14:25:00 [crond] Loaded 0 jobs from crontab
2025-12-14 14:26:00 [crond] Registry loaded: 30 interpreters
2025-12-14 14:26:00 [crond] Loaded 0 jobs from crontab
2025-12-14 14:27:00 [crond] Registry loaded: 30 interpreters
2025-12-14 14:27:00 [crond] Loaded 0 jobs from crontab
2025-12-14 14:28:00 [crond] Registry loaded: 30 interpreters
2025-12-14 14:28:00 [crond] Loaded 0 jobs from crontab
2025-12-14 14:29:00 [crond] Registry loaded: 30 interpreters
2025-12-14 14:29:00 [crond] Loaded 0 jobs from crontab
2025-12-14 14:30:00 [crond] Registry loaded: 30 interpreters
2025-12-14 14:30:00 [crond] Loaded 0 jobs from crontab
2025-12-14 14:31:00 [crond] Registry loaded: 30 interpreters
2025-12-14 14:31:00 [crond] Loaded 0 jobs from crontab
2025-12-14 14:32:00 [crond] Registry loaded: 30 interpreters
2025-12-14 14:32:00 [crond] Loaded 0 jobs from crontab
2025-12-14 14:33:00 [crond] Registry loaded: 30 interpreters
2025-12-14 14:33:00 [crond] Loaded 0 jobs from crontab
2025-12-14 14:34:00 [crond] Registry loaded: 30 interpreters
2025-12-14 14:34:00 [crond] Loaded 0 jobs from crontab
2025-12-14 14:35:00 [crond] Registry loaded: 30 interpreters
2025-12-14 14:35:00 [crond] Loaded 0 jobs from crontab
2025-12-14 14:36:00 [crond] Registry loaded: 30 interpreters
2025-12-14 14:36:00 [crond] Loaded 0 jobs from crontab
2025-12-14 14:37:00 [crond] Registry loaded: 30 interpreters
2025-12-14 14:37:00 [crond] Loaded 0 jobs from crontab
2025-12-14 14:38:00 [crond] Registry loaded: 30 interpreters
2025-12-14 14:38:00 [crond] Loaded 0 jobs from crontab
2025-12-14 14:39:00 [crond] Registry loaded: 30 interpreters
2025-12-14 14:39:00 [crond] Loaded 0 jobs from crontab
2025-12-14 14:40:00 [crond] Registry loaded: 30 interpreters
2025-12-14 14:40:00 [crond] Loaded 0 jobs from crontab
2025-12-14 14:41:00 [crond] Registry loaded: 30 interpreters
2025-12-14 14:41:00 [crond] Loaded 0 jobs from crontab
2025-12-14 14:42:00 [crond] Registry loaded: 30 interpreters
2025-12-14 14:42:00 [crond] Loaded 0 jobs from crontab
2025-12-14 14:43:00 [crond] Registry loaded: 30 interpreters
2025-12-14 14:43:00 [crond] Loaded 0 jobs from crontab
2025-12-14 14:44:00 [crond] Registry loaded: 30 interpreters
2025-12-14 14:44:00 [crond] Loaded 0 jobs from crontab
2025-12-14 14:45:00 [crond] Registry loaded: 30 interpreters
2025-12-14 14:45:00 [crond] Loaded 0 jobs from crontab
2025-12-14 14:46:00 [crond] Registry loaded: 30 interpreters
2025-12-14 14:46:00 [crond] Loaded 0 jobs from crontab
2025-12-14 14:47:00 [crond] Registry loaded: 30 interpreters
2025-12-14 14:47:00 [crond] Loaded 0 jobs from crontab
2025-12-14 14:48:00 [crond] Registry loaded: 30 interpreters
2025-12-14 14:48:00 [crond] Loaded 0 jobs from crontab
2025-12-14 14:49:00 [crond] Registry loaded: 30 interpreters
2025-12-14 14:49:00 [crond] Loaded 0 jobs from crontab
2025-12-14 14:50:00 [crond] Registry loaded: 30 interpreters
2025-12-14 14:50:00 [crond] Loaded 0 jobs from crontab
2025-12-14 14:51:00 [crond] Registry loaded: 30 interpreters
2025-12-14 14:51:00 [crond] Loaded 0 jobs from crontab
2025-12-14 14:52:00 [crond] Registry loaded: 30 interpreters
2025-12-14 14:52:00 [crond] Loaded 0 jobs from crontab
